Flow report for Display
Sun Sep 17 12:16:21 2023
Quartus Prime Version 20.1.1 Build 720 11/11/2020 SJ Lite Edition


---------------------
; Table of Contents ;
---------------------
  1. Legal Notice
  2. Flow Summary
  3. Flow Settings
  4. Flow Non-Default Global Settings
  5. Flow Elapsed Time
  6. Flow OS Summary
  7. Flow Log
  8. Flow Messages
  9. Flow Suppressed Messages



----------------
; Legal Notice ;
----------------
Copyright (C) 2020  Intel Corporation. All rights reserved.
Your use of Intel Corporation's design tools, logic functions 
and other software and tools, and any partner logic 
functions, and any output files from any of the foregoing 
(including device programming or simulation files), and any 
associated documentation or information are expressly subject 
to the terms and conditions of the Intel Program License 
Subscription Agreement, the Intel Quartus Prime License Agreement,
the Intel FPGA IP License Agreement, or other applicable license
agreement, including, without limitation, that your use is for
the sole purpose of programming logic devices manufactured by
Intel and sold by Intel or its authorized distributors.  Please
refer to the applicable agreement for further details, at
https://fpgasoftware.intel.com/eula.



+---------------------------------------------------------------------+
; Flow Summary                                                        ;
+-----------------------+---------------------------------------------+
; Flow Status           ; Successful - Sun Sep 17 12:16:21 2023       ;
; Quartus Prime Version ; 20.1.1 Build 720 11/11/2020 SJ Lite Edition ;
; Revision Name         ; Display                                     ;
; Top-level Entity Name ; Display                                     ;
; Family                ; MAX II                                      ;
; Device                ; EPM1270T144C5                               ;
; Timing Models         ; Final                                       ;
; Total logic elements  ; 80 / 1,270 ( 6 % )                          ;
; Total pins            ; 14 / 116 ( 12 % )                           ;
; Total virtual pins    ; 0                                           ;
; UFM blocks            ; 0 / 1 ( 0 % )                               ;
+-----------------------+---------------------------------------------+


+-----------------------------------------+
; Flow Settings                           ;
+-------------------+---------------------+
; Option            ; Setting             ;
+-------------------+---------------------+
; Start date & time ; 09/17/2023 12:16:13 ;
; Main task         ; Compilation         ;
; Revision Name     ; Display             ;
+-------------------+---------------------+


+------------------------------------------------------------------------------------------------------------------------------------------+
; Flow Non-Default Global Settings                                                                                                         ;
+---------------------------------------+--------------------------------+---------------+-------------+-----------------------------------+
; Assignment Name                       ; Value                          ; Default Value ; Entity Name ; Section Id                        ;
+---------------------------------------+--------------------------------+---------------+-------------+-----------------------------------+
; COMPILER_SIGNATURE_ID                 ; 40675924149543.169494937209766 ; --            ; --          ; --                                ;
; EDA_GENERATE_FUNCTIONAL_NETLIST       ; Off                            ; --            ; --          ; eda_board_design_timing           ;
; EDA_GENERATE_FUNCTIONAL_NETLIST       ; Off                            ; --            ; --          ; eda_board_design_boundary_scan    ;
; EDA_GENERATE_FUNCTIONAL_NETLIST       ; Off                            ; --            ; --          ; eda_board_design_signal_integrity ;
; EDA_GENERATE_FUNCTIONAL_NETLIST       ; Off                            ; --            ; --          ; eda_board_design_symbol           ;
; EDA_OUTPUT_DATA_FORMAT                ; Vhdl                           ; --            ; --          ; eda_simulation                    ;
; EDA_SIMULATION_TOOL                   ; ModelSim-Altera (VHDL)         ; <None>        ; --          ; --                                ;
; EDA_TIME_SCALE                        ; 1 ps                           ; --            ; --          ; eda_simulation                    ;
; MAX_CORE_JUNCTION_TEMP                ; 85                             ; --            ; --          ; --                                ;
; MIN_CORE_JUNCTION_TEMP                ; 0                              ; --            ; --          ; --                                ;
; POWER_EXT_SUPPLY_VOLTAGE_TO_REGULATOR ; 3.3V                           ; --            ; --          ; --                                ;
; PROJECT_OUTPUT_DIRECTORY              ; output_files                   ; --            ; --          ; --                                ;
+---------------------------------------+--------------------------------+---------------+-------------+-----------------------------------+


+--------------------------------------------------------------------------------------------------------------------------+
; Flow Elapsed Time                                                                                                        ;
+----------------------+--------------+-------------------------+---------------------+------------------------------------+
; Module Name          ; Elapsed Time ; Average Processors Used ; Peak Virtual Memory ; Total CPU Time (on all processors) ;
+----------------------+--------------+-------------------------+---------------------+------------------------------------+
; Analysis & Synthesis ; 00:00:06     ; 1.0                     ; 405 MB              ; 00:00:12                           ;
; Fitter               ; 00:00:01     ; 1.0                     ; 810 MB              ; 00:00:01                           ;
; Assembler            ; 00:00:01     ; 1.0                     ; 334 MB              ; 00:00:00                           ;
; Timing Analyzer      ; 00:00:01     ; 1.0                     ; 356 MB              ; 00:00:00                           ;
; EDA Netlist Writer   ; 00:00:00     ; 1.0                     ; 586 MB              ; 00:00:00                           ;
; Total                ; 00:00:09     ; --                      ; --                  ; 00:00:13                           ;
+----------------------+--------------+-------------------------+---------------------+------------------------------------+


+----------------------------------------------------------------------------------------+
; Flow OS Summary                                                                        ;
+----------------------+------------------+----------------+------------+----------------+
; Module Name          ; Machine Hostname ; OS Name        ; OS Version ; Processor type ;
+----------------------+------------------+----------------+------------+----------------+
; Analysis & Synthesis ; akram-PC         ; Ubuntu 20.04.6 ; 20         ; x86_64         ;
; Fitter               ; akram-PC         ; Ubuntu 20.04.6 ; 20         ; x86_64         ;
; Assembler            ; akram-PC         ; Ubuntu 20.04.6 ; 20         ; x86_64         ;
; Timing Analyzer      ; akram-PC         ; Ubuntu 20.04.6 ; 20         ; x86_64         ;
; EDA Netlist Writer   ; akram-PC         ; Ubuntu 20.04.6 ; 20         ; x86_64         ;
+----------------------+------------------+----------------+------------+----------------+


------------
; Flow Log ;
------------
quartus_map --read_settings_files=on --write_settings_files=off Display -c Display
quartus_fit --read_settings_files=off --write_settings_files=off Display -c Display
quartus_asm --read_settings_files=off --write_settings_files=off Display -c Display
quartus_sta Display -c Display
quartus_eda --read_settings_files=off --write_settings_files=off Display -c Display



