Classic Timing Analyzer report for ds18b20_seg7
Fri Mar 12 12:41:28 2010
Quartus II Version 9.1 Build 304 01/25/2010 Service Pack 1 SJ Full Version


---------------------
; Table of Contents ;
---------------------
  1. Legal Notice
  2. Timing Analyzer Summary
  3. Timing Analyzer Settings
  4. Clock Settings Summary
  5. Parallel Compilation
  6. Clock Setup: 'CLOCK_50'
  7. tsu
  8. tco
  9. th
 10. Timing Analyzer Messages



----------------
; Legal Notice ;
----------------
Copyright (C) 1991-2010 Altera Corporation
Your use of Altera Corporation's design tools, logic functions 
and other software and tools, and its AMPP partner logic 
functions, and any output files from any of the foregoing 
(including device programming or simulation files), and any 
associated documentation or information are expressly subject 
to the terms and conditions of the Altera Program License 
Subscription Agreement, Altera MegaCore Function License 
Agreement, or other applicable license agreement, including, 
without limitation, that your use is for the sole purpose of 
programming logic devices manufactured by Altera and sold by 
Altera or its authorized distributors.  Please refer to the 
applicable agreement for further details.



+-----------------------------------------------------------------------------------------------------------------------------------------------------------------------------------------------------------------------+
; Timing Analyzer Summary                                                                                                                                                                                               ;
+------------------------------+-------+---------------+----------------------------------+---------------------------------------------+----------------------------------------+------------+----------+--------------+
; Type                         ; Slack ; Required Time ; Actual Time                      ; From                                        ; To                                     ; From Clock ; To Clock ; Failed Paths ;
+------------------------------+-------+---------------+----------------------------------+---------------------------------------------+----------------------------------------+------------+----------+--------------+
; Worst-case tsu               ; N/A   ; None          ; 6.483 ns                         ; DS18B20                                     ; ds18b20_drive:ds18b20_u0|cnt_1us_clear ; --         ; CLOCK_50 ; 0            ;
; Worst-case tco               ; N/A   ; None          ; 13.059 ns                        ; seg7x8_drive:seg7_u0|seg7_addr[1]           ; SEG7_SEL[1]                            ; CLOCK_50   ; --       ; 0            ;
; Worst-case th                ; N/A   ; None          ; 2.398 ns                         ; Q_KEY                                       ; ds18b20_drive:ds18b20_u0|cnt_1us_clear ; --         ; CLOCK_50 ; 0            ;
; Clock Setup: 'CLOCK_50'      ; N/A   ; None          ; 106.08 MHz ( period = 9.427 ns ) ; ds18b20_drive:ds18b20_u0|temperature_buf[2] ; seg7x8_drive:seg7_u0|o_seg_r[1]        ; CLOCK_50   ; CLOCK_50 ; 0            ;
; Total number of failed paths ;       ;               ;                                  ;                                             ;                                        ;            ;          ; 0            ;
+------------------------------+-------+---------------+----------------------------------+---------------------------------------------+----------------------------------------+------------+----------+--------------+


+-----------------------------------------------------------------------------------------------------------------------------------------------------+
; Timing Analyzer Settings                                                                                                                            ;
+------------------------------------------------------------------------------------------------------+--------------------+------+----+-------------+
; Option                                                                                               ; Setting            ; From ; To ; Entity Name ;
+------------------------------------------------------------------------------------------------------+--------------------+------+----+-------------+
; Device Name                                                                                          ; EP2C8Q208C8        ;      ;    ;             ;
; Timing Models                                                                                        ; Final              ;      ;    ;             ;
; Default hold multicycle                                                                              ; Same as Multicycle ;      ;    ;             ;
; Cut paths between unrelated clock domains                                                            ; On                 ;      ;    ;             ;
; Cut off read during write signal paths                                                               ; On                 ;      ;    ;             ;
; Cut off feedback from I/O pins                                                                       ; On                 ;      ;    ;             ;
; Report Combined Fast/Slow Timing                                                                     ; Off                ;      ;    ;             ;
; Ignore Clock Settings                                                                                ; Off                ;      ;    ;             ;
; Analyze latches as synchronous elements                                                              ; On                 ;      ;    ;             ;
; Enable Recovery/Removal analysis                                                                     ; Off                ;      ;    ;             ;
; Enable Clock Latency                                                                                 ; Off                ;      ;    ;             ;
; Use TimeQuest Timing Analyzer                                                                        ; Off                ;      ;    ;             ;
; Minimum Core Junction Temperature                                                                    ; 0                  ;      ;    ;             ;
; Maximum Core Junction Temperature                                                                    ; 85                 ;      ;    ;             ;
; Number of source nodes to report per destination node                                                ; 10                 ;      ;    ;             ;
; Number of destination nodes to report                                                                ; 10                 ;      ;    ;             ;
; Number of paths to report                                                                            ; 200                ;      ;    ;             ;
; Report Minimum Timing Checks                                                                         ; Off                ;      ;    ;             ;
; Use Fast Timing Models                                                                               ; Off                ;      ;    ;             ;
; Report IO Paths Separately                                                                           ; Off                ;      ;    ;             ;
; Perform Multicorner Analysis                                                                         ; On                 ;      ;    ;             ;
; Reports the worst-case path for each clock domain and analysis                                       ; Off                ;      ;    ;             ;
; Reports worst-case timing paths for each clock domain and analysis                                   ; On                 ;      ;    ;             ;
; Specifies the maximum number of worst-case timing paths to report for each clock domain and analysis ; 100                ;      ;    ;             ;
; Removes common clock path pessimism (CCPP) during slack computation                                  ; Off                ;      ;    ;             ;
; Output I/O Timing Endpoint                                                                           ; Near End           ;      ;    ;             ;
+------------------------------------------------------------------------------------------------------+--------------------+------+----+-------------+


+------------------------------------------------------------------------------------------------------------------------------------------------------------------------------------+
; Clock Settings Summary                                                                                                                                                             ;
+-----------------+--------------------+----------+------------------+---------------+--------------+----------+-----------------------+---------------------+--------+--------------+
; Clock Node Name ; Clock Setting Name ; Type     ; Fmax Requirement ; Early Latency ; Late Latency ; Based on ; Multiply Base Fmax by ; Divide Base Fmax by ; Offset ; Phase offset ;
+-----------------+--------------------+----------+------------------+---------------+--------------+----------+-----------------------+---------------------+--------+--------------+
; CLOCK_50        ;                    ; User Pin ; None             ; 0.000 ns      ; 0.000 ns     ; --       ; N/A                   ; N/A                 ; N/A    ;              ;
+-----------------+--------------------+----------+------------------+---------------+--------------+----------+-----------------------+---------------------+--------+--------------+


+------------------------------------------+
; Parallel Compilation                     ;
+----------------------------+-------------+
; Processors                 ; Number      ;
+----------------------------+-------------+
; Number detected on machine ; 2           ;
; Maximum allowed            ; 2           ;
;                            ;             ;
; Average used               ; 1.00        ;
; Maximum used               ; 1           ;
;                            ;             ;
; Usage by Processor         ; % Time Used ;
;     1 processor            ; 100.0%      ;
;     2 processors           ;   0.0%      ;
+----------------------------+-------------+


+-----------------------------------------------------------------------------------------------------------------------------------------------------------------------------------------------------------------------------------------------------------------------------------------------------+
; Clock Setup: 'CLOCK_50'                                                                                                                                                                                                                                                                             ;
+-----------------------------------------+-----------------------------------------------------+----------------------------------------------+------------------------------------------+------------+----------+-----------------------------+---------------------------+-------------------------+
; Slack                                   ; Actual fmax (period)                                ; From                                         ; To                                       ; From Clock ; To Clock ; Required Setup Relationship ; Required Longest P2P Time ; Actual Longest P2P Time ;
+-----------------------------------------+-----------------------------------------------------+----------------------------------------------+------------------------------------------+------------+----------+-----------------------------+---------------------------+-------------------------+
; N/A                                     ; 106.08 MHz ( period = 9.427 ns )                    ; ds18b20_drive:ds18b20_u0|temperature_buf[2]  ; seg7x8_drive:seg7_u0|o_seg_r[1]          ; CLOCK_50   ; CLOCK_50 ; None                        ; None                      ; 5.946 ns                ;
; N/A                                     ; 106.29 MHz ( period = 9.408 ns )                    ; ds18b20_drive:ds18b20_u0|temperature_buf[2]  ; seg7x8_drive:seg7_u0|o_seg_r[0]          ; CLOCK_50   ; CLOCK_50 ; None                        ; None                      ; 5.927 ns                ;
; N/A                                     ; 106.85 MHz ( period = 9.359 ns )                    ; ds18b20_drive:ds18b20_u0|temperature_buf[3]  ; seg7x8_drive:seg7_u0|o_seg_r[1]          ; CLOCK_50   ; CLOCK_50 ; None                        ; None                      ; 5.878 ns                ;
; N/A                                     ; 107.09 MHz ( period = 9.338 ns )                    ; ds18b20_drive:ds18b20_u0|temperature_buf[3]  ; seg7x8_drive:seg7_u0|o_seg_r[0]          ; CLOCK_50   ; CLOCK_50 ; None                        ; None                      ; 5.857 ns                ;
; N/A                                     ; 107.43 MHz ( period = 9.308 ns )                    ; ds18b20_drive:ds18b20_u0|temperature_buf[5]  ; seg7x8_drive:seg7_u0|o_seg_r[0]          ; CLOCK_50   ; CLOCK_50 ; None                        ; None                      ; 5.828 ns                ;
; N/A                                     ; 108.24 MHz ( period = 9.239 ns )                    ; ds18b20_drive:ds18b20_u0|temperature_buf[2]  ; seg7x8_drive:seg7_u0|o_seg_r[5]          ; CLOCK_50   ; CLOCK_50 ; None                        ; None                      ; 5.758 ns                ;
; N/A                                     ; 108.30 MHz ( period = 9.234 ns )                    ; ds18b20_drive:ds18b20_u0|temperature_buf[2]  ; seg7x8_drive:seg7_u0|o_seg_r[2]          ; CLOCK_50   ; CLOCK_50 ; None                        ; None                      ; 5.753 ns                ;
; N/A                                     ; 108.38 MHz ( period = 9.227 ns )                    ; ds18b20_drive:ds18b20_u0|temperature_buf[2]  ; seg7x8_drive:seg7_u0|o_seg_r[4]          ; CLOCK_50   ; CLOCK_50 ; None                        ; None                      ; 5.746 ns                ;
; N/A                                     ; 109.04 MHz ( period = 9.171 ns )                    ; ds18b20_drive:ds18b20_u0|temperature_buf[3]  ; seg7x8_drive:seg7_u0|o_seg_r[5]          ; CLOCK_50   ; CLOCK_50 ; None                        ; None                      ; 5.690 ns                ;
; N/A                                     ; 109.10 MHz ( period = 9.166 ns )                    ; ds18b20_drive:ds18b20_u0|temperature_buf[3]  ; seg7x8_drive:seg7_u0|o_seg_r[2]          ; CLOCK_50   ; CLOCK_50 ; None                        ; None                      ; 5.685 ns                ;
; N/A                                     ; 109.18 MHz ( period = 9.159 ns )                    ; ds18b20_drive:ds18b20_u0|temperature_buf[3]  ; seg7x8_drive:seg7_u0|o_seg_r[4]          ; CLOCK_50   ; CLOCK_50 ; None                        ; None                      ; 5.678 ns                ;
; N/A                                     ; 109.61 MHz ( period = 9.123 ns )                    ; ds18b20_drive:ds18b20_u0|temperature_buf[1]  ; seg7x8_drive:seg7_u0|o_seg_r[1]          ; CLOCK_50   ; CLOCK_50 ; None                        ; None                      ; 5.642 ns                ;
; N/A                                     ; 109.75 MHz ( period = 9.112 ns )                    ; seg7x8_drive:seg7_u0|seg7_addr[0]            ; seg7x8_drive:seg7_u0|o_seg_r[0]          ; CLOCK_50   ; CLOCK_50 ; None                        ; None                      ; 5.907 ns                ;
; N/A                                     ; 109.82 MHz ( period = 9.106 ns )                    ; ds18b20_drive:ds18b20_u0|temperature_buf[1]  ; seg7x8_drive:seg7_u0|o_seg_r[0]          ; CLOCK_50   ; CLOCK_50 ; None                        ; None                      ; 5.625 ns                ;
; N/A                                     ; 109.95 MHz ( period = 9.095 ns )                    ; ds18b20_drive:ds18b20_u0|temperature_buf[2]  ; seg7x8_drive:seg7_u0|o_seg_r[6]          ; CLOCK_50   ; CLOCK_50 ; None                        ; None                      ; 5.614 ns                ;
; N/A                                     ; 109.99 MHz ( period = 9.092 ns )                    ; seg7x8_drive:seg7_u0|seg7_addr[0]            ; seg7x8_drive:seg7_u0|o_seg_r[1]          ; CLOCK_50   ; CLOCK_50 ; None                        ; None                      ; 5.887 ns                ;
; N/A                                     ; 110.04 MHz ( period = 9.088 ns )                    ; ds18b20_drive:ds18b20_u0|temperature_buf[2]  ; seg7x8_drive:seg7_u0|o_seg_r[3]          ; CLOCK_50   ; CLOCK_50 ; None                        ; None                      ; 5.607 ns                ;
; N/A                                     ; 110.33 MHz ( period = 9.064 ns )                    ; ds18b20_drive:ds18b20_u0|temperature_buf[5]  ; seg7x8_drive:seg7_u0|o_seg_r[1]          ; CLOCK_50   ; CLOCK_50 ; None                        ; None                      ; 5.584 ns                ;
; N/A                                     ; 110.80 MHz ( period = 9.025 ns )                    ; ds18b20_drive:ds18b20_u0|temperature_buf[3]  ; seg7x8_drive:seg7_u0|o_seg_r[6]          ; CLOCK_50   ; CLOCK_50 ; None                        ; None                      ; 5.544 ns                ;
; N/A                                     ; 110.89 MHz ( period = 9.018 ns )                    ; ds18b20_drive:ds18b20_u0|temperature_buf[3]  ; seg7x8_drive:seg7_u0|o_seg_r[3]          ; CLOCK_50   ; CLOCK_50 ; None                        ; None                      ; 5.537 ns                ;
; N/A                                     ; 110.98 MHz ( period = 9.011 ns )                    ; ds18b20_drive:ds18b20_u0|temperature_buf[8]  ; seg7x8_drive:seg7_u0|o_seg_r[0]          ; CLOCK_50   ; CLOCK_50 ; None                        ; None                      ; 5.532 ns                ;
; N/A                                     ; 111.00 MHz ( period = 9.009 ns )                    ; ds18b20_drive:ds18b20_u0|temperature_buf[6]  ; seg7x8_drive:seg7_u0|o_seg_r[0]          ; CLOCK_50   ; CLOCK_50 ; None                        ; None                      ; 5.529 ns                ;
; N/A                                     ; 111.17 MHz ( period = 8.995 ns )                    ; ds18b20_drive:ds18b20_u0|temperature_buf[5]  ; seg7x8_drive:seg7_u0|o_seg_r[6]          ; CLOCK_50   ; CLOCK_50 ; None                        ; None                      ; 5.515 ns                ;
; N/A                                     ; 111.25 MHz ( period = 8.989 ns )                    ; ds18b20_drive:ds18b20_u0|temperature_buf[6]  ; seg7x8_drive:seg7_u0|o_seg_r[1]          ; CLOCK_50   ; CLOCK_50 ; None                        ; None                      ; 5.509 ns                ;
; N/A                                     ; 111.26 MHz ( period = 8.988 ns )                    ; ds18b20_drive:ds18b20_u0|temperature_buf[5]  ; seg7x8_drive:seg7_u0|o_seg_r[3]          ; CLOCK_50   ; CLOCK_50 ; None                        ; None                      ; 5.508 ns                ;
; N/A                                     ; 111.64 MHz ( period = 8.957 ns )                    ; ds18b20_drive:ds18b20_u0|temperature_buf[0]  ; seg7x8_drive:seg7_u0|o_seg_r[1]          ; CLOCK_50   ; CLOCK_50 ; None                        ; None                      ; 5.476 ns                ;
; N/A                                     ; 111.89 MHz ( period = 8.937 ns )                    ; ds18b20_drive:ds18b20_u0|temperature_buf[0]  ; seg7x8_drive:seg7_u0|o_seg_r[0]          ; CLOCK_50   ; CLOCK_50 ; None                        ; None                      ; 5.456 ns                ;
; N/A                                     ; 111.92 MHz ( period = 8.935 ns )                    ; ds18b20_drive:ds18b20_u0|temperature_buf[1]  ; seg7x8_drive:seg7_u0|o_seg_r[5]          ; CLOCK_50   ; CLOCK_50 ; None                        ; None                      ; 5.454 ns                ;
; N/A                                     ; 111.98 MHz ( period = 8.930 ns )                    ; ds18b20_drive:ds18b20_u0|temperature_buf[1]  ; seg7x8_drive:seg7_u0|o_seg_r[2]          ; CLOCK_50   ; CLOCK_50 ; None                        ; None                      ; 5.449 ns                ;
; N/A                                     ; 112.07 MHz ( period = 8.923 ns )                    ; ds18b20_drive:ds18b20_u0|temperature_buf[1]  ; seg7x8_drive:seg7_u0|o_seg_r[4]          ; CLOCK_50   ; CLOCK_50 ; None                        ; None                      ; 5.442 ns                ;
; N/A                                     ; 112.31 MHz ( period = 8.904 ns )                    ; seg7x8_drive:seg7_u0|seg7_addr[0]            ; seg7x8_drive:seg7_u0|o_seg_r[5]          ; CLOCK_50   ; CLOCK_50 ; None                        ; None                      ; 5.699 ns                ;
; N/A                                     ; 112.37 MHz ( period = 8.899 ns )                    ; seg7x8_drive:seg7_u0|seg7_addr[0]            ; seg7x8_drive:seg7_u0|o_seg_r[2]          ; CLOCK_50   ; CLOCK_50 ; None                        ; None                      ; 5.694 ns                ;
; N/A                                     ; 112.46 MHz ( period = 8.892 ns )                    ; seg7x8_drive:seg7_u0|seg7_addr[0]            ; seg7x8_drive:seg7_u0|o_seg_r[4]          ; CLOCK_50   ; CLOCK_50 ; None                        ; None                      ; 5.687 ns                ;
; N/A                                     ; 112.68 MHz ( period = 8.875 ns )                    ; ds18b20_drive:ds18b20_u0|temperature_buf[7]  ; seg7x8_drive:seg7_u0|o_seg_r[0]          ; CLOCK_50   ; CLOCK_50 ; None                        ; None                      ; 5.396 ns                ;
; N/A                                     ; 112.78 MHz ( period = 8.867 ns )                    ; ds18b20_drive:ds18b20_u0|temperature_buf[5]  ; seg7x8_drive:seg7_u0|o_seg_r[5]          ; CLOCK_50   ; CLOCK_50 ; None                        ; None                      ; 5.387 ns                ;
; N/A                                     ; 112.80 MHz ( period = 8.865 ns )                    ; ds18b20_drive:ds18b20_u0|temperature_buf[5]  ; seg7x8_drive:seg7_u0|o_seg_r[2]          ; CLOCK_50   ; CLOCK_50 ; None                        ; None                      ; 5.385 ns                ;
; N/A                                     ; 112.93 MHz ( period = 8.855 ns )                    ; ds18b20_drive:ds18b20_u0|temperature_buf[7]  ; seg7x8_drive:seg7_u0|o_seg_r[1]          ; CLOCK_50   ; CLOCK_50 ; None                        ; None                      ; 5.376 ns                ;
; N/A                                     ; 112.94 MHz ( period = 8.854 ns )                    ; ds18b20_drive:ds18b20_u0|temperature_buf[5]  ; seg7x8_drive:seg7_u0|o_seg_r[4]          ; CLOCK_50   ; CLOCK_50 ; None                        ; None                      ; 5.374 ns                ;
; N/A                                     ; 113.62 MHz ( period = 8.801 ns )                    ; ds18b20_drive:ds18b20_u0|temperature_buf[6]  ; seg7x8_drive:seg7_u0|o_seg_r[5]          ; CLOCK_50   ; CLOCK_50 ; None                        ; None                      ; 5.321 ns                ;
; N/A                                     ; 113.65 MHz ( period = 8.799 ns )                    ; seg7x8_drive:seg7_u0|seg7_addr[0]            ; seg7x8_drive:seg7_u0|o_seg_r[6]          ; CLOCK_50   ; CLOCK_50 ; None                        ; None                      ; 5.594 ns                ;
; N/A                                     ; 113.69 MHz ( period = 8.796 ns )                    ; ds18b20_drive:ds18b20_u0|temperature_buf[6]  ; seg7x8_drive:seg7_u0|o_seg_r[2]          ; CLOCK_50   ; CLOCK_50 ; None                        ; None                      ; 5.316 ns                ;
; N/A                                     ; 113.73 MHz ( period = 8.793 ns )                    ; ds18b20_drive:ds18b20_u0|temperature_buf[1]  ; seg7x8_drive:seg7_u0|o_seg_r[6]          ; CLOCK_50   ; CLOCK_50 ; None                        ; None                      ; 5.312 ns                ;
; N/A                                     ; 113.74 MHz ( period = 8.792 ns )                    ; seg7x8_drive:seg7_u0|seg7_addr[0]            ; seg7x8_drive:seg7_u0|o_seg_r[3]          ; CLOCK_50   ; CLOCK_50 ; None                        ; None                      ; 5.587 ns                ;
; N/A                                     ; 113.78 MHz ( period = 8.789 ns )                    ; ds18b20_drive:ds18b20_u0|temperature_buf[6]  ; seg7x8_drive:seg7_u0|o_seg_r[4]          ; CLOCK_50   ; CLOCK_50 ; None                        ; None                      ; 5.309 ns                ;
; N/A                                     ; 113.82 MHz ( period = 8.786 ns )                    ; ds18b20_drive:ds18b20_u0|temperature_buf[1]  ; seg7x8_drive:seg7_u0|o_seg_r[3]          ; CLOCK_50   ; CLOCK_50 ; None                        ; None                      ; 5.305 ns                ;
; N/A                                     ; 114.04 MHz ( period = 8.769 ns )                    ; ds18b20_drive:ds18b20_u0|temperature_buf[0]  ; seg7x8_drive:seg7_u0|o_seg_r[5]          ; CLOCK_50   ; CLOCK_50 ; None                        ; None                      ; 5.288 ns                ;
; N/A                                     ; 114.06 MHz ( period = 8.767 ns )                    ; ds18b20_drive:ds18b20_u0|temperature_buf[8]  ; seg7x8_drive:seg7_u0|o_seg_r[1]          ; CLOCK_50   ; CLOCK_50 ; None                        ; None                      ; 5.288 ns                ;
; N/A                                     ; 114.10 MHz ( period = 8.764 ns )                    ; ds18b20_drive:ds18b20_u0|temperature_buf[0]  ; seg7x8_drive:seg7_u0|o_seg_r[2]          ; CLOCK_50   ; CLOCK_50 ; None                        ; None                      ; 5.283 ns                ;
; N/A                                     ; 114.19 MHz ( period = 8.757 ns )                    ; ds18b20_drive:ds18b20_u0|temperature_buf[0]  ; seg7x8_drive:seg7_u0|o_seg_r[4]          ; CLOCK_50   ; CLOCK_50 ; None                        ; None                      ; 5.276 ns                ;
; N/A                                     ; 114.22 MHz ( period = 8.755 ns )                    ; ds18b20_drive:ds18b20_u0|temperature_buf[10] ; seg7x8_drive:seg7_u0|o_seg_r[1]          ; CLOCK_50   ; CLOCK_50 ; None                        ; None                      ; 5.285 ns                ;
; N/A                                     ; 114.97 MHz ( period = 8.698 ns )                    ; ds18b20_drive:ds18b20_u0|temperature_buf[8]  ; seg7x8_drive:seg7_u0|o_seg_r[6]          ; CLOCK_50   ; CLOCK_50 ; None                        ; None                      ; 5.219 ns                ;
; N/A                                     ; 115.00 MHz ( period = 8.696 ns )                    ; ds18b20_drive:ds18b20_u0|temperature_buf[6]  ; seg7x8_drive:seg7_u0|o_seg_r[6]          ; CLOCK_50   ; CLOCK_50 ; None                        ; None                      ; 5.216 ns                ;
; N/A                                     ; 115.06 MHz ( period = 8.691 ns )                    ; ds18b20_drive:ds18b20_u0|temperature_buf[8]  ; seg7x8_drive:seg7_u0|o_seg_r[3]          ; CLOCK_50   ; CLOCK_50 ; None                        ; None                      ; 5.212 ns                ;
; N/A                                     ; 115.09 MHz ( period = 8.689 ns )                    ; ds18b20_drive:ds18b20_u0|temperature_buf[6]  ; seg7x8_drive:seg7_u0|o_seg_r[3]          ; CLOCK_50   ; CLOCK_50 ; None                        ; None                      ; 5.209 ns                ;
; N/A                                     ; 115.13 MHz ( period = 8.686 ns )                    ; ds18b20_drive:ds18b20_u0|temperature_buf[9]  ; seg7x8_drive:seg7_u0|o_seg_r[0]          ; CLOCK_50   ; CLOCK_50 ; None                        ; None                      ; 5.216 ns                ;
; N/A                                     ; 115.38 MHz ( period = 8.667 ns )                    ; ds18b20_drive:ds18b20_u0|temperature_buf[7]  ; seg7x8_drive:seg7_u0|o_seg_r[5]          ; CLOCK_50   ; CLOCK_50 ; None                        ; None                      ; 5.188 ns                ;
; N/A                                     ; 115.45 MHz ( period = 8.662 ns )                    ; ds18b20_drive:ds18b20_u0|temperature_buf[7]  ; seg7x8_drive:seg7_u0|o_seg_r[2]          ; CLOCK_50   ; CLOCK_50 ; None                        ; None                      ; 5.183 ns                ;
; N/A                                     ; 115.54 MHz ( period = 8.655 ns )                    ; seg7x8_drive:seg7_u0|seg7_addr[2]            ; seg7x8_drive:seg7_u0|o_seg_r[0]          ; CLOCK_50   ; CLOCK_50 ; None                        ; None                      ; 5.450 ns                ;
; N/A                                     ; 115.54 MHz ( period = 8.655 ns )                    ; ds18b20_drive:ds18b20_u0|temperature_buf[7]  ; seg7x8_drive:seg7_u0|o_seg_r[4]          ; CLOCK_50   ; CLOCK_50 ; None                        ; None                      ; 5.176 ns                ;
; N/A                                     ; 115.96 MHz ( period = 8.624 ns )                    ; ds18b20_drive:ds18b20_u0|temperature_buf[0]  ; seg7x8_drive:seg7_u0|o_seg_r[6]          ; CLOCK_50   ; CLOCK_50 ; None                        ; None                      ; 5.143 ns                ;
; N/A                                     ; 116.05 MHz ( period = 8.617 ns )                    ; ds18b20_drive:ds18b20_u0|temperature_buf[0]  ; seg7x8_drive:seg7_u0|o_seg_r[3]          ; CLOCK_50   ; CLOCK_50 ; None                        ; None                      ; 5.136 ns                ;
; N/A                                     ; 116.33 MHz ( period = 8.596 ns )                    ; seg7x8_drive:seg7_u0|seg7_addr[2]            ; seg7x8_drive:seg7_u0|o_seg_r[1]          ; CLOCK_50   ; CLOCK_50 ; None                        ; None                      ; 5.391 ns                ;
; N/A                                     ; 116.69 MHz ( period = 8.570 ns )                    ; ds18b20_drive:ds18b20_u0|temperature_buf[8]  ; seg7x8_drive:seg7_u0|o_seg_r[5]          ; CLOCK_50   ; CLOCK_50 ; None                        ; None                      ; 5.091 ns                ;
; N/A                                     ; 116.71 MHz ( period = 8.568 ns )                    ; ds18b20_drive:ds18b20_u0|temperature_buf[8]  ; seg7x8_drive:seg7_u0|o_seg_r[2]          ; CLOCK_50   ; CLOCK_50 ; None                        ; None                      ; 5.089 ns                ;
; N/A                                     ; 116.73 MHz ( period = 8.567 ns )                    ; ds18b20_drive:ds18b20_u0|temperature_buf[10] ; seg7x8_drive:seg7_u0|o_seg_r[5]          ; CLOCK_50   ; CLOCK_50 ; None                        ; None                      ; 5.097 ns                ;
; N/A                                     ; 116.80 MHz ( period = 8.562 ns )                    ; ds18b20_drive:ds18b20_u0|temperature_buf[10] ; seg7x8_drive:seg7_u0|o_seg_r[2]          ; CLOCK_50   ; CLOCK_50 ; None                        ; None                      ; 5.092 ns                ;
; N/A                                     ; 116.80 MHz ( period = 8.562 ns )                    ; ds18b20_drive:ds18b20_u0|temperature_buf[7]  ; seg7x8_drive:seg7_u0|o_seg_r[6]          ; CLOCK_50   ; CLOCK_50 ; None                        ; None                      ; 5.083 ns                ;
; N/A                                     ; 116.86 MHz ( period = 8.557 ns )                    ; ds18b20_drive:ds18b20_u0|temperature_buf[8]  ; seg7x8_drive:seg7_u0|o_seg_r[4]          ; CLOCK_50   ; CLOCK_50 ; None                        ; None                      ; 5.078 ns                ;
; N/A                                     ; 116.89 MHz ( period = 8.555 ns )                    ; ds18b20_drive:ds18b20_u0|temperature_buf[7]  ; seg7x8_drive:seg7_u0|o_seg_r[3]          ; CLOCK_50   ; CLOCK_50 ; None                        ; None                      ; 5.076 ns                ;
; N/A                                     ; 116.89 MHz ( period = 8.555 ns )                    ; ds18b20_drive:ds18b20_u0|temperature_buf[10] ; seg7x8_drive:seg7_u0|o_seg_r[4]          ; CLOCK_50   ; CLOCK_50 ; None                        ; None                      ; 5.085 ns                ;
; N/A                                     ; 117.23 MHz ( period = 8.530 ns )                    ; ds18b20_drive:ds18b20_u0|temperature_buf[9]  ; seg7x8_drive:seg7_u0|o_seg_r[1]          ; CLOCK_50   ; CLOCK_50 ; None                        ; None                      ; 5.060 ns                ;
; N/A                                     ; 117.26 MHz ( period = 8.528 ns )                    ; seg7x8_drive:seg7_u0|seg7_addr[1]            ; seg7x8_drive:seg7_u0|o_seg_r[0]          ; CLOCK_50   ; CLOCK_50 ; None                        ; None                      ; 5.323 ns                ;
; N/A                                     ; 117.54 MHz ( period = 8.508 ns )                    ; seg7x8_drive:seg7_u0|seg7_addr[1]            ; seg7x8_drive:seg7_u0|o_seg_r[1]          ; CLOCK_50   ; CLOCK_50 ; None                        ; None                      ; 5.303 ns                ;
; N/A                                     ; 117.72 MHz ( period = 8.495 ns )                    ; ds18b20_drive:ds18b20_u0|temperature_buf[4]  ; seg7x8_drive:seg7_u0|o_seg_r[0]          ; CLOCK_50   ; CLOCK_50 ; None                        ; None                      ; 5.025 ns                ;
; N/A                                     ; 118.54 MHz ( period = 8.436 ns )                    ; ds18b20_drive:ds18b20_u0|temperature_buf[4]  ; seg7x8_drive:seg7_u0|o_seg_r[1]          ; CLOCK_50   ; CLOCK_50 ; None                        ; None                      ; 4.966 ns                ;
; N/A                                     ; 119.05 MHz ( period = 8.400 ns )                    ; seg7x8_drive:seg7_u0|seg7_addr[2]            ; seg7x8_drive:seg7_u0|o_seg_r[5]          ; CLOCK_50   ; CLOCK_50 ; None                        ; None                      ; 5.195 ns                ;
; N/A                                     ; 119.20 MHz ( period = 8.389 ns )                    ; seg7x8_drive:seg7_u0|seg7_addr[2]            ; seg7x8_drive:seg7_u0|o_seg_r[4]          ; CLOCK_50   ; CLOCK_50 ; None                        ; None                      ; 5.184 ns                ;
; N/A                                     ; 119.23 MHz ( period = 8.387 ns )                    ; seg7x8_drive:seg7_u0|seg7_addr[2]            ; seg7x8_drive:seg7_u0|o_seg_r[6]          ; CLOCK_50   ; CLOCK_50 ; None                        ; None                      ; 5.182 ns                ;
; N/A                                     ; 119.27 MHz ( period = 8.384 ns )                    ; seg7x8_drive:seg7_u0|seg7_addr[2]            ; seg7x8_drive:seg7_u0|o_seg_r[3]          ; CLOCK_50   ; CLOCK_50 ; None                        ; None                      ; 5.179 ns                ;
; N/A                                     ; 119.43 MHz ( period = 8.373 ns )                    ; ds18b20_drive:ds18b20_u0|temperature_buf[9]  ; seg7x8_drive:seg7_u0|o_seg_r[6]          ; CLOCK_50   ; CLOCK_50 ; None                        ; None                      ; 4.903 ns                ;
; N/A                                     ; 119.53 MHz ( period = 8.366 ns )                    ; ds18b20_drive:ds18b20_u0|temperature_buf[9]  ; seg7x8_drive:seg7_u0|o_seg_r[3]          ; CLOCK_50   ; CLOCK_50 ; None                        ; None                      ; 4.896 ns                ;
; N/A                                     ; 119.57 MHz ( period = 8.363 ns )                    ; seg7x8_drive:seg7_u0|seg7_addr[2]            ; seg7x8_drive:seg7_u0|o_seg_r[2]          ; CLOCK_50   ; CLOCK_50 ; None                        ; None                      ; 5.158 ns                ;
; N/A                                     ; 119.88 MHz ( period = 8.342 ns )                    ; ds18b20_drive:ds18b20_u0|temperature_buf[9]  ; seg7x8_drive:seg7_u0|o_seg_r[5]          ; CLOCK_50   ; CLOCK_50 ; None                        ; None                      ; 4.872 ns                ;
; N/A                                     ; 119.95 MHz ( period = 8.337 ns )                    ; ds18b20_drive:ds18b20_u0|temperature_buf[9]  ; seg7x8_drive:seg7_u0|o_seg_r[2]          ; CLOCK_50   ; CLOCK_50 ; None                        ; None                      ; 4.867 ns                ;
; N/A                                     ; 120.05 MHz ( period = 8.330 ns )                    ; ds18b20_drive:ds18b20_u0|temperature_buf[9]  ; seg7x8_drive:seg7_u0|o_seg_r[4]          ; CLOCK_50   ; CLOCK_50 ; None                        ; None                      ; 4.860 ns                ;
; N/A                                     ; 120.19 MHz ( period = 8.320 ns )                    ; seg7x8_drive:seg7_u0|seg7_addr[1]            ; seg7x8_drive:seg7_u0|o_seg_r[5]          ; CLOCK_50   ; CLOCK_50 ; None                        ; None                      ; 5.115 ns                ;
; N/A                                     ; 120.26 MHz ( period = 8.315 ns )                    ; seg7x8_drive:seg7_u0|seg7_addr[1]            ; seg7x8_drive:seg7_u0|o_seg_r[2]          ; CLOCK_50   ; CLOCK_50 ; None                        ; None                      ; 5.110 ns                ;
; N/A                                     ; 120.37 MHz ( period = 8.308 ns )                    ; seg7x8_drive:seg7_u0|seg7_addr[1]            ; seg7x8_drive:seg7_u0|o_seg_r[4]          ; CLOCK_50   ; CLOCK_50 ; None                        ; None                      ; 5.103 ns                ;
; N/A                                     ; 120.48 MHz ( period = 8.300 ns )                    ; ds18b20_drive:ds18b20_u0|temperature_buf[10] ; seg7x8_drive:seg7_u0|o_seg_r[6]          ; CLOCK_50   ; CLOCK_50 ; None                        ; None                      ; 4.830 ns                ;
; N/A                                     ; 120.53 MHz ( period = 8.297 ns )                    ; ds18b20_drive:ds18b20_u0|temperature_buf[10] ; seg7x8_drive:seg7_u0|o_seg_r[3]          ; CLOCK_50   ; CLOCK_50 ; None                        ; None                      ; 4.827 ns                ;
; N/A                                     ; 121.36 MHz ( period = 8.240 ns )                    ; ds18b20_drive:ds18b20_u0|temperature_buf[4]  ; seg7x8_drive:seg7_u0|o_seg_r[5]          ; CLOCK_50   ; CLOCK_50 ; None                        ; None                      ; 4.770 ns                ;
; N/A                                     ; 121.52 MHz ( period = 8.229 ns )                    ; ds18b20_drive:ds18b20_u0|temperature_buf[4]  ; seg7x8_drive:seg7_u0|o_seg_r[4]          ; CLOCK_50   ; CLOCK_50 ; None                        ; None                      ; 4.759 ns                ;
; N/A                                     ; 121.55 MHz ( period = 8.227 ns )                    ; ds18b20_drive:ds18b20_u0|temperature_buf[4]  ; seg7x8_drive:seg7_u0|o_seg_r[6]          ; CLOCK_50   ; CLOCK_50 ; None                        ; None                      ; 4.757 ns                ;
; N/A                                     ; 121.60 MHz ( period = 8.224 ns )                    ; ds18b20_drive:ds18b20_u0|temperature_buf[4]  ; seg7x8_drive:seg7_u0|o_seg_r[3]          ; CLOCK_50   ; CLOCK_50 ; None                        ; None                      ; 4.754 ns                ;
; N/A                                     ; 121.73 MHz ( period = 8.215 ns )                    ; seg7x8_drive:seg7_u0|seg7_addr[1]            ; seg7x8_drive:seg7_u0|o_seg_r[6]          ; CLOCK_50   ; CLOCK_50 ; None                        ; None                      ; 5.010 ns                ;
; N/A                                     ; 121.83 MHz ( period = 8.208 ns )                    ; seg7x8_drive:seg7_u0|seg7_addr[1]            ; seg7x8_drive:seg7_u0|o_seg_r[3]          ; CLOCK_50   ; CLOCK_50 ; None                        ; None                      ; 5.003 ns                ;
; N/A                                     ; 121.86 MHz ( period = 8.206 ns )                    ; ds18b20_drive:ds18b20_u0|temperature_buf[10] ; seg7x8_drive:seg7_u0|o_seg_r[0]          ; CLOCK_50   ; CLOCK_50 ; None                        ; None                      ; 4.736 ns                ;
; N/A                                     ; 121.91 MHz ( period = 8.203 ns )                    ; ds18b20_drive:ds18b20_u0|temperature_buf[4]  ; seg7x8_drive:seg7_u0|o_seg_r[2]          ; CLOCK_50   ; CLOCK_50 ; None                        ; None                      ; 4.733 ns                ;
; N/A                                     ; 124.52 MHz ( period = 8.031 ns )                    ; ds18b20_drive:ds18b20_u0|cnt_1us[3]          ; ds18b20_drive:ds18b20_u0|cnt_1us_clear   ; CLOCK_50   ; CLOCK_50 ; None                        ; None                      ; 7.769 ns                ;
; N/A                                     ; 125.30 MHz ( period = 7.981 ns )                    ; ds18b20_drive:ds18b20_u0|cnt_1us[13]         ; ds18b20_drive:ds18b20_u0|state.WRITE0    ; CLOCK_50   ; CLOCK_50 ; None                        ; None                      ; 7.718 ns                ;
; N/A                                     ; 125.30 MHz ( period = 7.981 ns )                    ; ds18b20_drive:ds18b20_u0|cnt_1us[13]         ; ds18b20_drive:ds18b20_u0|state.S6        ; CLOCK_50   ; CLOCK_50 ; None                        ; None                      ; 7.718 ns                ;
; N/A                                     ; 125.38 MHz ( period = 7.976 ns )                    ; ds18b20_drive:ds18b20_u0|cnt_1us[14]         ; ds18b20_drive:ds18b20_u0|state.WRITE0    ; CLOCK_50   ; CLOCK_50 ; None                        ; None                      ; 7.713 ns                ;
; N/A                                     ; 125.38 MHz ( period = 7.976 ns )                    ; ds18b20_drive:ds18b20_u0|cnt_1us[14]         ; ds18b20_drive:ds18b20_u0|state.S6        ; CLOCK_50   ; CLOCK_50 ; None                        ; None                      ; 7.713 ns                ;
; N/A                                     ; 125.79 MHz ( period = 7.950 ns )                    ; ds18b20_drive:ds18b20_u0|cnt_1us[1]          ; ds18b20_drive:ds18b20_u0|cnt_1us_clear   ; CLOCK_50   ; CLOCK_50 ; None                        ; None                      ; 7.688 ns                ;
; N/A                                     ; 125.80 MHz ( period = 7.949 ns )                    ; ds18b20_drive:ds18b20_u0|cnt_1us[3]          ; ds18b20_drive:ds18b20_u0|state.WRITE0    ; CLOCK_50   ; CLOCK_50 ; None                        ; None                      ; 7.677 ns                ;
; N/A                                     ; 125.80 MHz ( period = 7.949 ns )                    ; ds18b20_drive:ds18b20_u0|cnt_1us[3]          ; ds18b20_drive:ds18b20_u0|state.S6        ; CLOCK_50   ; CLOCK_50 ; None                        ; None                      ; 7.677 ns                ;
; N/A                                     ; 126.07 MHz ( period = 7.932 ns )                    ; ds18b20_drive:ds18b20_u0|cnt_1us[8]          ; ds18b20_drive:ds18b20_u0|cnt_1us_clear   ; CLOCK_50   ; CLOCK_50 ; None                        ; None                      ; 7.670 ns                ;
; N/A                                     ; 127.10 MHz ( period = 7.868 ns )                    ; ds18b20_drive:ds18b20_u0|cnt_1us[1]          ; ds18b20_drive:ds18b20_u0|state.WRITE0    ; CLOCK_50   ; CLOCK_50 ; None                        ; None                      ; 7.596 ns                ;
; N/A                                     ; 127.10 MHz ( period = 7.868 ns )                    ; ds18b20_drive:ds18b20_u0|cnt_1us[1]          ; ds18b20_drive:ds18b20_u0|state.S6        ; CLOCK_50   ; CLOCK_50 ; None                        ; None                      ; 7.596 ns                ;
; N/A                                     ; 127.39 MHz ( period = 7.850 ns )                    ; ds18b20_drive:ds18b20_u0|cnt_1us[8]          ; ds18b20_drive:ds18b20_u0|state.WRITE0    ; CLOCK_50   ; CLOCK_50 ; None                        ; None                      ; 7.578 ns                ;
; N/A                                     ; 127.39 MHz ( period = 7.850 ns )                    ; ds18b20_drive:ds18b20_u0|cnt_1us[8]          ; ds18b20_drive:ds18b20_u0|state.S6        ; CLOCK_50   ; CLOCK_50 ; None                        ; None                      ; 7.578 ns                ;
; N/A                                     ; 128.45 MHz ( period = 7.785 ns )                    ; ds18b20_drive:ds18b20_u0|cnt_1us[12]         ; ds18b20_drive:ds18b20_u0|state.WRITE0    ; CLOCK_50   ; CLOCK_50 ; None                        ; None                      ; 7.522 ns                ;
; N/A                                     ; 128.45 MHz ( period = 7.785 ns )                    ; ds18b20_drive:ds18b20_u0|cnt_1us[12]         ; ds18b20_drive:ds18b20_u0|state.S6        ; CLOCK_50   ; CLOCK_50 ; None                        ; None                      ; 7.522 ns                ;
; N/A                                     ; 129.13 MHz ( period = 7.744 ns )                    ; ds18b20_drive:ds18b20_u0|cnt_1us[9]          ; ds18b20_drive:ds18b20_u0|cnt_1us_clear   ; CLOCK_50   ; CLOCK_50 ; None                        ; None                      ; 7.482 ns                ;
; N/A                                     ; 129.23 MHz ( period = 7.738 ns )                    ; ds18b20_drive:ds18b20_u0|cnt_1us[4]          ; ds18b20_drive:ds18b20_u0|cnt_1us_clear   ; CLOCK_50   ; CLOCK_50 ; None                        ; None                      ; 7.476 ns                ;
; N/A                                     ; 129.28 MHz ( period = 7.735 ns )                    ; ds18b20_drive:ds18b20_u0|cnt_1us[9]          ; ds18b20_drive:ds18b20_u0|state.WRITE0    ; CLOCK_50   ; CLOCK_50 ; None                        ; None                      ; 7.463 ns                ;
; N/A                                     ; 129.28 MHz ( period = 7.735 ns )                    ; ds18b20_drive:ds18b20_u0|cnt_1us[9]          ; ds18b20_drive:ds18b20_u0|state.S6        ; CLOCK_50   ; CLOCK_50 ; None                        ; None                      ; 7.463 ns                ;
; N/A                                     ; 130.36 MHz ( period = 7.671 ns )                    ; ds18b20_drive:ds18b20_u0|cnt_1us[0]          ; ds18b20_drive:ds18b20_u0|cnt_1us_clear   ; CLOCK_50   ; CLOCK_50 ; None                        ; None                      ; 7.409 ns                ;
; N/A                                     ; 130.62 MHz ( period = 7.656 ns )                    ; ds18b20_drive:ds18b20_u0|cnt_1us[4]          ; ds18b20_drive:ds18b20_u0|state.WRITE0    ; CLOCK_50   ; CLOCK_50 ; None                        ; None                      ; 7.384 ns                ;
; N/A                                     ; 130.62 MHz ( period = 7.656 ns )                    ; ds18b20_drive:ds18b20_u0|cnt_1us[4]          ; ds18b20_drive:ds18b20_u0|state.S6        ; CLOCK_50   ; CLOCK_50 ; None                        ; None                      ; 7.384 ns                ;
; N/A                                     ; 130.91 MHz ( period = 7.639 ns )                    ; ds18b20_drive:ds18b20_u0|cnt_1us[5]          ; ds18b20_drive:ds18b20_u0|cnt_1us_clear   ; CLOCK_50   ; CLOCK_50 ; None                        ; None                      ; 7.377 ns                ;
; N/A                                     ; 130.99 MHz ( period = 7.634 ns )                    ; ds18b20_drive:ds18b20_u0|temperature_buf[12] ; seg7x8_drive:seg7_u0|o_seg_r[0]          ; CLOCK_50   ; CLOCK_50 ; None                        ; None                      ; 4.164 ns                ;
; N/A                                     ; 131.22 MHz ( period = 7.621 ns )                    ; ds18b20_drive:ds18b20_u0|cnt_1us[13]         ; ds18b20_drive:ds18b20_u0|cnt_1us_clear   ; CLOCK_50   ; CLOCK_50 ; None                        ; None                      ; 7.368 ns                ;
; N/A                                     ; 131.30 MHz ( period = 7.616 ns )                    ; ds18b20_drive:ds18b20_u0|cnt_1us[14]         ; ds18b20_drive:ds18b20_u0|cnt_1us_clear   ; CLOCK_50   ; CLOCK_50 ; None                        ; None                      ; 7.363 ns                ;
; N/A                                     ; 131.46 MHz ( period = 7.607 ns )                    ; ds18b20_drive:ds18b20_u0|cnt_1us[16]         ; ds18b20_drive:ds18b20_u0|state.WRITE0    ; CLOCK_50   ; CLOCK_50 ; None                        ; None                      ; 7.344 ns                ;
; N/A                                     ; 131.46 MHz ( period = 7.607 ns )                    ; ds18b20_drive:ds18b20_u0|cnt_1us[16]         ; ds18b20_drive:ds18b20_u0|state.S6        ; CLOCK_50   ; CLOCK_50 ; None                        ; None                      ; 7.344 ns                ;
; N/A                                     ; 131.77 MHz ( period = 7.589 ns )                    ; ds18b20_drive:ds18b20_u0|cnt_1us[18]         ; ds18b20_drive:ds18b20_u0|cnt_1us_clear   ; CLOCK_50   ; CLOCK_50 ; None                        ; None                      ; 7.336 ns                ;
; N/A                                     ; 131.77 MHz ( period = 7.589 ns )                    ; ds18b20_drive:ds18b20_u0|cnt_1us[0]          ; ds18b20_drive:ds18b20_u0|state.WRITE0    ; CLOCK_50   ; CLOCK_50 ; None                        ; None                      ; 7.317 ns                ;
; N/A                                     ; 131.77 MHz ( period = 7.589 ns )                    ; ds18b20_drive:ds18b20_u0|cnt_1us[0]          ; ds18b20_drive:ds18b20_u0|state.S6        ; CLOCK_50   ; CLOCK_50 ; None                        ; None                      ; 7.317 ns                ;
; N/A                                     ; 131.84 MHz ( period = 7.585 ns )                    ; ds18b20_drive:ds18b20_u0|cnt_1us[18]         ; ds18b20_drive:ds18b20_u0|state.WRITE0    ; CLOCK_50   ; CLOCK_50 ; None                        ; None                      ; 7.322 ns                ;
; N/A                                     ; 131.84 MHz ( period = 7.585 ns )                    ; ds18b20_drive:ds18b20_u0|cnt_1us[18]         ; ds18b20_drive:ds18b20_u0|state.S6        ; CLOCK_50   ; CLOCK_50 ; None                        ; None                      ; 7.322 ns                ;
; N/A                                     ; 132.01 MHz ( period = 7.575 ns )                    ; ds18b20_drive:ds18b20_u0|temperature_buf[12] ; seg7x8_drive:seg7_u0|o_seg_r[1]          ; CLOCK_50   ; CLOCK_50 ; None                        ; None                      ; 4.105 ns                ;
; N/A                                     ; 132.33 MHz ( period = 7.557 ns )                    ; ds18b20_drive:ds18b20_u0|cnt_1us[5]          ; ds18b20_drive:ds18b20_u0|state.WRITE0    ; CLOCK_50   ; CLOCK_50 ; None                        ; None                      ; 7.285 ns                ;
; N/A                                     ; 132.33 MHz ( period = 7.557 ns )                    ; ds18b20_drive:ds18b20_u0|cnt_1us[5]          ; ds18b20_drive:ds18b20_u0|state.S6        ; CLOCK_50   ; CLOCK_50 ; None                        ; None                      ; 7.285 ns                ;
; N/A                                     ; 132.43 MHz ( period = 7.551 ns )                    ; ds18b20_drive:ds18b20_u0|cnt_1us[7]          ; ds18b20_drive:ds18b20_u0|cnt_1us_clear   ; CLOCK_50   ; CLOCK_50 ; None                        ; None                      ; 7.289 ns                ;
; N/A                                     ; 132.57 MHz ( period = 7.543 ns )                    ; ds18b20_drive:ds18b20_u0|cnt_1us[13]         ; ds18b20_drive:ds18b20_u0|one_wire_buf~en ; CLOCK_50   ; CLOCK_50 ; None                        ; None                      ; 7.286 ns                ;
; N/A                                     ; 132.66 MHz ( period = 7.538 ns )                    ; ds18b20_drive:ds18b20_u0|cnt_1us[14]         ; ds18b20_drive:ds18b20_u0|one_wire_buf~en ; CLOCK_50   ; CLOCK_50 ; None                        ; None                      ; 7.281 ns                ;
; N/A                                     ; 133.82 MHz ( period = 7.473 ns )                    ; ds18b20_drive:ds18b20_u0|cnt_1us[16]         ; ds18b20_drive:ds18b20_u0|cnt_1us_clear   ; CLOCK_50   ; CLOCK_50 ; None                        ; None                      ; 7.220 ns                ;
; N/A                                     ; 133.89 MHz ( period = 7.469 ns )                    ; ds18b20_drive:ds18b20_u0|cnt_1us[7]          ; ds18b20_drive:ds18b20_u0|state.WRITE0    ; CLOCK_50   ; CLOCK_50 ; None                        ; None                      ; 7.197 ns                ;
; N/A                                     ; 133.89 MHz ( period = 7.469 ns )                    ; ds18b20_drive:ds18b20_u0|cnt_1us[7]          ; ds18b20_drive:ds18b20_u0|state.S6        ; CLOCK_50   ; CLOCK_50 ; None                        ; None                      ; 7.197 ns                ;
; N/A                                     ; 134.07 MHz ( period = 7.459 ns )                    ; ds18b20_drive:ds18b20_u0|cnt_1us[6]          ; ds18b20_drive:ds18b20_u0|cnt_1us_clear   ; CLOCK_50   ; CLOCK_50 ; None                        ; None                      ; 7.197 ns                ;
; N/A                                     ; 134.12 MHz ( period = 7.456 ns )                    ; ds18b20_drive:ds18b20_u0|cnt_1us[13]         ; ds18b20_drive:ds18b20_u0|state.S2        ; CLOCK_50   ; CLOCK_50 ; None                        ; None                      ; 7.194 ns                ;
; N/A                                     ; 134.12 MHz ( period = 7.456 ns )                    ; ds18b20_drive:ds18b20_u0|cnt_1us[13]         ; ds18b20_drive:ds18b20_u0|state.S3        ; CLOCK_50   ; CLOCK_50 ; None                        ; None                      ; 7.194 ns                ;
; N/A                                     ; 134.21 MHz ( period = 7.451 ns )                    ; ds18b20_drive:ds18b20_u0|cnt_1us[14]         ; ds18b20_drive:ds18b20_u0|state.S2        ; CLOCK_50   ; CLOCK_50 ; None                        ; None                      ; 7.189 ns                ;
; N/A                                     ; 134.21 MHz ( period = 7.451 ns )                    ; ds18b20_drive:ds18b20_u0|cnt_1us[14]         ; ds18b20_drive:ds18b20_u0|state.S3        ; CLOCK_50   ; CLOCK_50 ; None                        ; None                      ; 7.189 ns                ;
; N/A                                     ; 134.68 MHz ( period = 7.425 ns )                    ; ds18b20_drive:ds18b20_u0|cnt_1us[12]         ; ds18b20_drive:ds18b20_u0|cnt_1us_clear   ; CLOCK_50   ; CLOCK_50 ; None                        ; None                      ; 7.172 ns                ;
; N/A                                     ; 134.83 MHz ( period = 7.417 ns )                    ; ds18b20_drive:ds18b20_u0|cnt_1us[17]         ; ds18b20_drive:ds18b20_u0|state.WRITE0    ; CLOCK_50   ; CLOCK_50 ; None                        ; None                      ; 7.154 ns                ;
; N/A                                     ; 134.83 MHz ( period = 7.417 ns )                    ; ds18b20_drive:ds18b20_u0|cnt_1us[17]         ; ds18b20_drive:ds18b20_u0|state.S6        ; CLOCK_50   ; CLOCK_50 ; None                        ; None                      ; 7.154 ns                ;
; N/A                                     ; 135.52 MHz ( period = 7.379 ns )                    ; ds18b20_drive:ds18b20_u0|temperature_buf[12] ; seg7x8_drive:seg7_u0|o_seg_r[5]          ; CLOCK_50   ; CLOCK_50 ; None                        ; None                      ; 3.909 ns                ;
; N/A                                     ; 135.56 MHz ( period = 7.377 ns )                    ; ds18b20_drive:ds18b20_u0|cnt_1us[6]          ; ds18b20_drive:ds18b20_u0|state.WRITE0    ; CLOCK_50   ; CLOCK_50 ; None                        ; None                      ; 7.105 ns                ;
; N/A                                     ; 135.56 MHz ( period = 7.377 ns )                    ; ds18b20_drive:ds18b20_u0|cnt_1us[6]          ; ds18b20_drive:ds18b20_u0|state.S6        ; CLOCK_50   ; CLOCK_50 ; None                        ; None                      ; 7.105 ns                ;
; N/A                                     ; 135.72 MHz ( period = 7.368 ns )                    ; ds18b20_drive:ds18b20_u0|temperature_buf[12] ; seg7x8_drive:seg7_u0|o_seg_r[4]          ; CLOCK_50   ; CLOCK_50 ; None                        ; None                      ; 3.898 ns                ;
; N/A                                     ; 135.76 MHz ( period = 7.366 ns )                    ; ds18b20_drive:ds18b20_u0|temperature_buf[12] ; seg7x8_drive:seg7_u0|o_seg_r[6]          ; CLOCK_50   ; CLOCK_50 ; None                        ; None                      ; 3.896 ns                ;
; N/A                                     ; 135.81 MHz ( period = 7.363 ns )                    ; ds18b20_drive:ds18b20_u0|temperature_buf[12] ; seg7x8_drive:seg7_u0|o_seg_r[3]          ; CLOCK_50   ; CLOCK_50 ; None                        ; None                      ; 3.893 ns                ;
; N/A                                     ; 136.11 MHz ( period = 7.347 ns )                    ; ds18b20_drive:ds18b20_u0|cnt_1us[12]         ; ds18b20_drive:ds18b20_u0|one_wire_buf~en ; CLOCK_50   ; CLOCK_50 ; None                        ; None                      ; 7.090 ns                ;
; N/A                                     ; 136.20 MHz ( period = 7.342 ns )                    ; ds18b20_drive:ds18b20_u0|temperature_buf[12] ; seg7x8_drive:seg7_u0|o_seg_r[2]          ; CLOCK_50   ; CLOCK_50 ; None                        ; None                      ; 3.872 ns                ;
; N/A                                     ; 136.80 MHz ( period = 7.310 ns )                    ; ds18b20_drive:ds18b20_u0|cnt_1us[3]          ; ds18b20_drive:ds18b20_u0|state.S2        ; CLOCK_50   ; CLOCK_50 ; None                        ; None                      ; 7.039 ns                ;
; N/A                                     ; 136.80 MHz ( period = 7.310 ns )                    ; ds18b20_drive:ds18b20_u0|cnt_1us[3]          ; ds18b20_drive:ds18b20_u0|state.S3        ; CLOCK_50   ; CLOCK_50 ; None                        ; None                      ; 7.039 ns                ;
; N/A                                     ; 137.04 MHz ( period = 7.297 ns )                    ; ds18b20_drive:ds18b20_u0|cnt_1us[9]          ; ds18b20_drive:ds18b20_u0|one_wire_buf~en ; CLOCK_50   ; CLOCK_50 ; None                        ; None                      ; 7.031 ns                ;
; N/A                                     ; 137.74 MHz ( period = 7.260 ns )                    ; ds18b20_drive:ds18b20_u0|cnt_1us[12]         ; ds18b20_drive:ds18b20_u0|state.S2        ; CLOCK_50   ; CLOCK_50 ; None                        ; None                      ; 6.998 ns                ;
; N/A                                     ; 137.74 MHz ( period = 7.260 ns )                    ; ds18b20_drive:ds18b20_u0|cnt_1us[12]         ; ds18b20_drive:ds18b20_u0|state.S3        ; CLOCK_50   ; CLOCK_50 ; None                        ; None                      ; 6.998 ns                ;
; N/A                                     ; 138.18 MHz ( period = 7.237 ns )                    ; ds18b20_drive:ds18b20_u0|cnt_1us[19]         ; ds18b20_drive:ds18b20_u0|state.WRITE0    ; CLOCK_50   ; CLOCK_50 ; None                        ; None                      ; 6.974 ns                ;
; N/A                                     ; 138.18 MHz ( period = 7.237 ns )                    ; ds18b20_drive:ds18b20_u0|cnt_1us[19]         ; ds18b20_drive:ds18b20_u0|state.S6        ; CLOCK_50   ; CLOCK_50 ; None                        ; None                      ; 6.974 ns                ;
; N/A                                     ; 138.33 MHz ( period = 7.229 ns )                    ; ds18b20_drive:ds18b20_u0|cnt_1us[1]          ; ds18b20_drive:ds18b20_u0|state.S2        ; CLOCK_50   ; CLOCK_50 ; None                        ; None                      ; 6.958 ns                ;
; N/A                                     ; 138.33 MHz ( period = 7.229 ns )                    ; ds18b20_drive:ds18b20_u0|cnt_1us[1]          ; ds18b20_drive:ds18b20_u0|state.S3        ; CLOCK_50   ; CLOCK_50 ; None                        ; None                      ; 6.958 ns                ;
; N/A                                     ; 138.48 MHz ( period = 7.221 ns )                    ; ds18b20_drive:ds18b20_u0|cnt_1us[15]         ; ds18b20_drive:ds18b20_u0|cnt_1us_clear   ; CLOCK_50   ; CLOCK_50 ; None                        ; None                      ; 6.968 ns                ;
; N/A                                     ; 138.66 MHz ( period = 7.212 ns )                    ; ds18b20_drive:ds18b20_u0|cnt_1us[15]         ; ds18b20_drive:ds18b20_u0|state.WRITE0    ; CLOCK_50   ; CLOCK_50 ; None                        ; None                      ; 6.949 ns                ;
; N/A                                     ; 138.66 MHz ( period = 7.212 ns )                    ; ds18b20_drive:ds18b20_u0|cnt_1us[15]         ; ds18b20_drive:ds18b20_u0|state.S6        ; CLOCK_50   ; CLOCK_50 ; None                        ; None                      ; 6.949 ns                ;
; N/A                                     ; 138.68 MHz ( period = 7.211 ns )                    ; ds18b20_drive:ds18b20_u0|cnt_1us[8]          ; ds18b20_drive:ds18b20_u0|state.S2        ; CLOCK_50   ; CLOCK_50 ; None                        ; None                      ; 6.940 ns                ;
; N/A                                     ; 138.68 MHz ( period = 7.211 ns )                    ; ds18b20_drive:ds18b20_u0|cnt_1us[8]          ; ds18b20_drive:ds18b20_u0|state.S3        ; CLOCK_50   ; CLOCK_50 ; None                        ; None                      ; 6.940 ns                ;
; N/A                                     ; 138.70 MHz ( period = 7.210 ns )                    ; ds18b20_drive:ds18b20_u0|cnt_1us[9]          ; ds18b20_drive:ds18b20_u0|state.S2        ; CLOCK_50   ; CLOCK_50 ; None                        ; None                      ; 6.939 ns                ;
; N/A                                     ; 138.70 MHz ( period = 7.210 ns )                    ; ds18b20_drive:ds18b20_u0|cnt_1us[9]          ; ds18b20_drive:ds18b20_u0|state.S3        ; CLOCK_50   ; CLOCK_50 ; None                        ; None                      ; 6.939 ns                ;
; N/A                                     ; 138.73 MHz ( period = 7.208 ns )                    ; ds18b20_drive:ds18b20_u0|cnt_1us[17]         ; ds18b20_drive:ds18b20_u0|cnt_1us_clear   ; CLOCK_50   ; CLOCK_50 ; None                        ; None                      ; 6.955 ns                ;
; N/A                                     ; 139.02 MHz ( period = 7.193 ns )                    ; ds18b20_drive:ds18b20_u0|cnt_1us[11]         ; ds18b20_drive:ds18b20_u0|cnt_1us_clear   ; CLOCK_50   ; CLOCK_50 ; None                        ; None                      ; 6.940 ns                ;
; N/A                                     ; 139.20 MHz ( period = 7.184 ns )                    ; ds18b20_drive:ds18b20_u0|cnt_1us[11]         ; ds18b20_drive:ds18b20_u0|state.WRITE0    ; CLOCK_50   ; CLOCK_50 ; None                        ; None                      ; 6.921 ns                ;
; N/A                                     ; 139.20 MHz ( period = 7.184 ns )                    ; ds18b20_drive:ds18b20_u0|cnt_1us[11]         ; ds18b20_drive:ds18b20_u0|state.S6        ; CLOCK_50   ; CLOCK_50 ; None                        ; None                      ; 6.921 ns                ;
; N/A                                     ; 139.49 MHz ( period = 7.169 ns )                    ; ds18b20_drive:ds18b20_u0|cnt_1us[16]         ; ds18b20_drive:ds18b20_u0|one_wire_buf~en ; CLOCK_50   ; CLOCK_50 ; None                        ; None                      ; 6.912 ns                ;
; N/A                                     ; 140.39 MHz ( period = 7.123 ns )                    ; ds18b20_drive:ds18b20_u0|cnt_1us[18]         ; ds18b20_drive:ds18b20_u0|state.S2        ; CLOCK_50   ; CLOCK_50 ; None                        ; None                      ; 6.861 ns                ;
; N/A                                     ; 140.39 MHz ( period = 7.123 ns )                    ; ds18b20_drive:ds18b20_u0|cnt_1us[18]         ; ds18b20_drive:ds18b20_u0|state.S3        ; CLOCK_50   ; CLOCK_50 ; None                        ; None                      ; 6.861 ns                ;
; N/A                                     ; 141.20 MHz ( period = 7.082 ns )                    ; ds18b20_drive:ds18b20_u0|cnt_1us[16]         ; ds18b20_drive:ds18b20_u0|state.S2        ; CLOCK_50   ; CLOCK_50 ; None                        ; None                      ; 6.820 ns                ;
; N/A                                     ; 141.20 MHz ( period = 7.082 ns )                    ; ds18b20_drive:ds18b20_u0|cnt_1us[16]         ; ds18b20_drive:ds18b20_u0|state.S3        ; CLOCK_50   ; CLOCK_50 ; None                        ; None                      ; 6.820 ns                ;
; N/A                                     ; 141.38 MHz ( period = 7.073 ns )                    ; ds18b20_drive:ds18b20_u0|cnt_1us[2]          ; ds18b20_drive:ds18b20_u0|cnt_1us_clear   ; CLOCK_50   ; CLOCK_50 ; None                        ; None                      ; 6.811 ns                ;
; N/A                                     ; 142.23 MHz ( period = 7.031 ns )                    ; ds18b20_drive:ds18b20_u0|cnt_1us[19]         ; ds18b20_drive:ds18b20_u0|cnt_1us_clear   ; CLOCK_50   ; CLOCK_50 ; None                        ; None                      ; 6.778 ns                ;
; N/A                                     ; 142.51 MHz ( period = 7.017 ns )                    ; ds18b20_drive:ds18b20_u0|cnt_1us[4]          ; ds18b20_drive:ds18b20_u0|state.S2        ; CLOCK_50   ; CLOCK_50 ; None                        ; None                      ; 6.746 ns                ;
; N/A                                     ; 142.51 MHz ( period = 7.017 ns )                    ; ds18b20_drive:ds18b20_u0|cnt_1us[4]          ; ds18b20_drive:ds18b20_u0|state.S3        ; CLOCK_50   ; CLOCK_50 ; None                        ; None                      ; 6.746 ns                ;
; N/A                                     ; 142.84 MHz ( period = 7.001 ns )                    ; ds18b20_drive:ds18b20_u0|cnt_1us[5]          ; ds18b20_drive:ds18b20_u0|state.S2        ; CLOCK_50   ; CLOCK_50 ; None                        ; None                      ; 6.730 ns                ;
; N/A                                     ; 142.84 MHz ( period = 7.001 ns )                    ; ds18b20_drive:ds18b20_u0|cnt_1us[5]          ; ds18b20_drive:ds18b20_u0|state.S3        ; CLOCK_50   ; CLOCK_50 ; None                        ; None                      ; 6.730 ns                ;
; N/A                                     ; 142.96 MHz ( period = 6.995 ns )                    ; ds18b20_drive:ds18b20_u0|cnt_1us[3]          ; ds18b20_drive:ds18b20_u0|one_wire_buf~en ; CLOCK_50   ; CLOCK_50 ; None                        ; None                      ; 6.729 ns                ;
; N/A                                     ; 143.04 MHz ( period = 6.991 ns )                    ; ds18b20_drive:ds18b20_u0|cnt_1us[2]          ; ds18b20_drive:ds18b20_u0|state.WRITE0    ; CLOCK_50   ; CLOCK_50 ; None                        ; None                      ; 6.719 ns                ;
; N/A                                     ; 143.04 MHz ( period = 6.991 ns )                    ; ds18b20_drive:ds18b20_u0|cnt_1us[2]          ; ds18b20_drive:ds18b20_u0|state.S6        ; CLOCK_50   ; CLOCK_50 ; None                        ; None                      ; 6.719 ns                ;
; N/A                                     ; 143.23 MHz ( period = 6.982 ns )                    ; ds18b20_drive:ds18b20_u0|state.WRITE01       ; ds18b20_drive:ds18b20_u0|state.WRITE0    ; CLOCK_50   ; CLOCK_50 ; None                        ; None                      ; 6.703 ns                ;
; N/A                                     ; 143.23 MHz ( period = 6.982 ns )                    ; ds18b20_drive:ds18b20_u0|state.WRITE01       ; ds18b20_drive:ds18b20_u0|state.S6        ; CLOCK_50   ; CLOCK_50 ; None                        ; None                      ; 6.703 ns                ;
; N/A                                     ; 143.29 MHz ( period = 6.979 ns )                    ; ds18b20_drive:ds18b20_u0|cnt_1us[17]         ; ds18b20_drive:ds18b20_u0|one_wire_buf~en ; CLOCK_50   ; CLOCK_50 ; None                        ; None                      ; 6.722 ns                ;
; N/A                                     ; 143.88 MHz ( period = 6.950 ns )                    ; ds18b20_drive:ds18b20_u0|cnt_1us[0]          ; ds18b20_drive:ds18b20_u0|state.S2        ; CLOCK_50   ; CLOCK_50 ; None                        ; None                      ; 6.679 ns                ;
; N/A                                     ; 143.88 MHz ( period = 6.950 ns )                    ; ds18b20_drive:ds18b20_u0|cnt_1us[0]          ; ds18b20_drive:ds18b20_u0|state.S3        ; CLOCK_50   ; CLOCK_50 ; None                        ; None                      ; 6.679 ns                ;
; N/A                                     ; 144.49 MHz ( period = 6.921 ns )                    ; ds18b20_drive:ds18b20_u0|state.S3            ; ds18b20_drive:ds18b20_u0|state.WRITE0    ; CLOCK_50   ; CLOCK_50 ; None                        ; None                      ; 6.656 ns                ;
; N/A                                     ; 144.49 MHz ( period = 6.921 ns )                    ; ds18b20_drive:ds18b20_u0|state.S3            ; ds18b20_drive:ds18b20_u0|state.S6        ; CLOCK_50   ; CLOCK_50 ; None                        ; None                      ; 6.656 ns                ;
; N/A                                     ; 144.63 MHz ( period = 6.914 ns )                    ; ds18b20_drive:ds18b20_u0|cnt_1us[1]          ; ds18b20_drive:ds18b20_u0|one_wire_buf~en ; CLOCK_50   ; CLOCK_50 ; None                        ; None                      ; 6.648 ns                ;
; N/A                                     ; 145.10 MHz ( period = 6.892 ns )                    ; ds18b20_drive:ds18b20_u0|cnt_1us[17]         ; ds18b20_drive:ds18b20_u0|state.S2        ; CLOCK_50   ; CLOCK_50 ; None                        ; None                      ; 6.630 ns                ;
; N/A                                     ; 145.10 MHz ( period = 6.892 ns )                    ; ds18b20_drive:ds18b20_u0|cnt_1us[17]         ; ds18b20_drive:ds18b20_u0|state.S3        ; CLOCK_50   ; CLOCK_50 ; None                        ; None                      ; 6.630 ns                ;
; Timing analysis restricted to 200 rows. ; To change the limit use Settings (Assignments menu) ;                                              ;                                          ;            ;          ;                             ;                           ;                         ;
+-----------------------------------------+-----------------------------------------------------+----------------------------------------------+------------------------------------------+------------+----------+-----------------------------+---------------------------+-------------------------+


+-------------------------------------------------------------------------------------------------------+
; tsu                                                                                                   ;
+-------+--------------+------------+---------+----------------------------------------------+----------+
; Slack ; Required tsu ; Actual tsu ; From    ; To                                           ; To Clock ;
+-------+--------------+------------+---------+----------------------------------------------+----------+
; N/A   ; None         ; 6.483 ns   ; DS18B20 ; ds18b20_drive:ds18b20_u0|cnt_1us_clear       ; CLOCK_50 ;
; N/A   ; None         ; 6.401 ns   ; DS18B20 ; ds18b20_drive:ds18b20_u0|state.WRITE0        ; CLOCK_50 ;
; N/A   ; None         ; 6.401 ns   ; DS18B20 ; ds18b20_drive:ds18b20_u0|state.S6            ; CLOCK_50 ;
; N/A   ; None         ; 5.762 ns   ; DS18B20 ; ds18b20_drive:ds18b20_u0|state.S2            ; CLOCK_50 ;
; N/A   ; None         ; 5.762 ns   ; DS18B20 ; ds18b20_drive:ds18b20_u0|state.S3            ; CLOCK_50 ;
; N/A   ; None         ; 3.962 ns   ; DS18B20 ; ds18b20_drive:ds18b20_u0|state.S0            ; CLOCK_50 ;
; N/A   ; None         ; 3.086 ns   ; DS18B20 ; ds18b20_drive:ds18b20_u0|temperature_buf[2]  ; CLOCK_50 ;
; N/A   ; None         ; 3.061 ns   ; DS18B20 ; ds18b20_drive:ds18b20_u0|temperature_buf[4]  ; CLOCK_50 ;
; N/A   ; None         ; 2.610 ns   ; DS18B20 ; ds18b20_drive:ds18b20_u0|temperature_buf[1]  ; CLOCK_50 ;
; N/A   ; None         ; 2.582 ns   ; DS18B20 ; ds18b20_drive:ds18b20_u0|temperature_buf[0]  ; CLOCK_50 ;
; N/A   ; None         ; 2.581 ns   ; DS18B20 ; ds18b20_drive:ds18b20_u0|temperature_buf[3]  ; CLOCK_50 ;
; N/A   ; None         ; 2.507 ns   ; DS18B20 ; ds18b20_drive:ds18b20_u0|temperature_buf[12] ; CLOCK_50 ;
; N/A   ; None         ; 2.506 ns   ; DS18B20 ; ds18b20_drive:ds18b20_u0|temperature_buf[9]  ; CLOCK_50 ;
; N/A   ; None         ; 2.500 ns   ; DS18B20 ; ds18b20_drive:ds18b20_u0|temperature_buf[10] ; CLOCK_50 ;
; N/A   ; None         ; 2.450 ns   ; DS18B20 ; ds18b20_drive:ds18b20_u0|state.S4            ; CLOCK_50 ;
; N/A   ; None         ; 2.435 ns   ; DS18B20 ; ds18b20_drive:ds18b20_u0|temperature_buf[7]  ; CLOCK_50 ;
; N/A   ; None         ; 2.425 ns   ; DS18B20 ; ds18b20_drive:ds18b20_u0|temperature_buf[8]  ; CLOCK_50 ;
; N/A   ; None         ; 1.996 ns   ; DS18B20 ; ds18b20_drive:ds18b20_u0|temperature_buf[5]  ; CLOCK_50 ;
; N/A   ; None         ; 1.993 ns   ; DS18B20 ; ds18b20_drive:ds18b20_u0|temperature_buf[6]  ; CLOCK_50 ;
; N/A   ; None         ; -1.018 ns  ; Q_KEY   ; ds18b20_drive:ds18b20_u0|bit_valid[2]        ; CLOCK_50 ;
; N/A   ; None         ; -1.018 ns  ; Q_KEY   ; ds18b20_drive:ds18b20_u0|bit_valid[3]        ; CLOCK_50 ;
; N/A   ; None         ; -1.115 ns  ; Q_KEY   ; ds18b20_drive:ds18b20_u0|bit_valid[1]        ; CLOCK_50 ;
; N/A   ; None         ; -1.115 ns  ; Q_KEY   ; ds18b20_drive:ds18b20_u0|bit_valid[0]        ; CLOCK_50 ;
; N/A   ; None         ; -1.281 ns  ; Q_KEY   ; ds18b20_drive:ds18b20_u0|temperature_buf[12] ; CLOCK_50 ;
; N/A   ; None         ; -1.281 ns  ; Q_KEY   ; ds18b20_drive:ds18b20_u0|temperature_buf[9]  ; CLOCK_50 ;
; N/A   ; None         ; -1.281 ns  ; Q_KEY   ; ds18b20_drive:ds18b20_u0|temperature_buf[10] ; CLOCK_50 ;
; N/A   ; None         ; -1.281 ns  ; Q_KEY   ; ds18b20_drive:ds18b20_u0|temperature_buf[4]  ; CLOCK_50 ;
; N/A   ; None         ; -1.643 ns  ; Q_KEY   ; ds18b20_drive:ds18b20_u0|temperature_buf[8]  ; CLOCK_50 ;
; N/A   ; None         ; -1.643 ns  ; Q_KEY   ; ds18b20_drive:ds18b20_u0|temperature_buf[7]  ; CLOCK_50 ;
; N/A   ; None         ; -1.679 ns  ; Q_KEY   ; ds18b20_drive:ds18b20_u0|temperature_buf[2]  ; CLOCK_50 ;
; N/A   ; None         ; -1.679 ns  ; Q_KEY   ; ds18b20_drive:ds18b20_u0|temperature_buf[3]  ; CLOCK_50 ;
; N/A   ; None         ; -1.679 ns  ; Q_KEY   ; ds18b20_drive:ds18b20_u0|temperature_buf[1]  ; CLOCK_50 ;
; N/A   ; None         ; -1.679 ns  ; Q_KEY   ; ds18b20_drive:ds18b20_u0|temperature_buf[0]  ; CLOCK_50 ;
; N/A   ; None         ; -2.007 ns  ; Q_KEY   ; ds18b20_drive:ds18b20_u0|temperature_buf[6]  ; CLOCK_50 ;
; N/A   ; None         ; -2.007 ns  ; Q_KEY   ; ds18b20_drive:ds18b20_u0|temperature_buf[5]  ; CLOCK_50 ;
; N/A   ; None         ; -2.132 ns  ; Q_KEY   ; ds18b20_drive:ds18b20_u0|cnt_1us_clear       ; CLOCK_50 ;
+-------+--------------+------------+---------+----------------------------------------------+----------+


+---------------------------------------------------------------------------------------------------------+
; tco                                                                                                     ;
+-------+--------------+------------+------------------------------------------+-------------+------------+
; Slack ; Required tco ; Actual tco ; From                                     ; To          ; From Clock ;
+-------+--------------+------------+------------------------------------------+-------------+------------+
; N/A   ; None         ; 13.059 ns  ; seg7x8_drive:seg7_u0|seg7_addr[1]        ; SEG7_SEL[1] ; CLOCK_50   ;
; N/A   ; None         ; 12.654 ns  ; seg7x8_drive:seg7_u0|seg7_addr[0]        ; SEG7_SEL[0] ; CLOCK_50   ;
; N/A   ; None         ; 12.606 ns  ; seg7x8_drive:seg7_u0|seg7_addr[2]        ; SEG7_SEL[2] ; CLOCK_50   ;
; N/A   ; None         ; 11.134 ns  ; ds18b20_drive:ds18b20_u0|one_wire_buf~en ; DS18B20     ; CLOCK_50   ;
; N/A   ; None         ; 9.448 ns   ; seg7x8_drive:seg7_u0|o_seg_r[6]          ; SEG7_SEG[6] ; CLOCK_50   ;
; N/A   ; None         ; 9.188 ns   ; seg7x8_drive:seg7_u0|o_seg_r[5]          ; SEG7_SEG[5] ; CLOCK_50   ;
; N/A   ; None         ; 9.175 ns   ; seg7x8_drive:seg7_u0|o_seg_r[2]          ; SEG7_SEG[2] ; CLOCK_50   ;
; N/A   ; None         ; 9.076 ns   ; seg7x8_drive:seg7_u0|o_seg_r[0]          ; SEG7_SEG[0] ; CLOCK_50   ;
; N/A   ; None         ; 8.758 ns   ; seg7x8_drive:seg7_u0|o_seg_r[4]          ; SEG7_SEG[4] ; CLOCK_50   ;
; N/A   ; None         ; 8.745 ns   ; seg7x8_drive:seg7_u0|o_seg_r[3]          ; SEG7_SEG[3] ; CLOCK_50   ;
; N/A   ; None         ; 8.377 ns   ; seg7x8_drive:seg7_u0|o_seg_r[1]          ; SEG7_SEG[1] ; CLOCK_50   ;
; N/A   ; None         ; 7.603 ns   ; seg7x8_drive:seg7_u0|o_seg_r[7]          ; SEG7_SEG[7] ; CLOCK_50   ;
+-------+--------------+------------+------------------------------------------+-------------+------------+


+-------------------------------------------------------------------------------------------------------------+
; th                                                                                                          ;
+---------------+-------------+-----------+---------+----------------------------------------------+----------+
; Minimum Slack ; Required th ; Actual th ; From    ; To                                           ; To Clock ;
+---------------+-------------+-----------+---------+----------------------------------------------+----------+
; N/A           ; None        ; 2.398 ns  ; Q_KEY   ; ds18b20_drive:ds18b20_u0|cnt_1us_clear       ; CLOCK_50 ;
; N/A           ; None        ; 2.273 ns  ; Q_KEY   ; ds18b20_drive:ds18b20_u0|temperature_buf[6]  ; CLOCK_50 ;
; N/A           ; None        ; 2.273 ns  ; Q_KEY   ; ds18b20_drive:ds18b20_u0|temperature_buf[5]  ; CLOCK_50 ;
; N/A           ; None        ; 1.945 ns  ; Q_KEY   ; ds18b20_drive:ds18b20_u0|temperature_buf[2]  ; CLOCK_50 ;
; N/A           ; None        ; 1.945 ns  ; Q_KEY   ; ds18b20_drive:ds18b20_u0|temperature_buf[3]  ; CLOCK_50 ;
; N/A           ; None        ; 1.945 ns  ; Q_KEY   ; ds18b20_drive:ds18b20_u0|temperature_buf[1]  ; CLOCK_50 ;
; N/A           ; None        ; 1.945 ns  ; Q_KEY   ; ds18b20_drive:ds18b20_u0|temperature_buf[0]  ; CLOCK_50 ;
; N/A           ; None        ; 1.909 ns  ; Q_KEY   ; ds18b20_drive:ds18b20_u0|temperature_buf[8]  ; CLOCK_50 ;
; N/A           ; None        ; 1.909 ns  ; Q_KEY   ; ds18b20_drive:ds18b20_u0|temperature_buf[7]  ; CLOCK_50 ;
; N/A           ; None        ; 1.547 ns  ; Q_KEY   ; ds18b20_drive:ds18b20_u0|temperature_buf[12] ; CLOCK_50 ;
; N/A           ; None        ; 1.547 ns  ; Q_KEY   ; ds18b20_drive:ds18b20_u0|temperature_buf[9]  ; CLOCK_50 ;
; N/A           ; None        ; 1.547 ns  ; Q_KEY   ; ds18b20_drive:ds18b20_u0|temperature_buf[10] ; CLOCK_50 ;
; N/A           ; None        ; 1.547 ns  ; Q_KEY   ; ds18b20_drive:ds18b20_u0|temperature_buf[4]  ; CLOCK_50 ;
; N/A           ; None        ; 1.381 ns  ; Q_KEY   ; ds18b20_drive:ds18b20_u0|bit_valid[1]        ; CLOCK_50 ;
; N/A           ; None        ; 1.381 ns  ; Q_KEY   ; ds18b20_drive:ds18b20_u0|bit_valid[0]        ; CLOCK_50 ;
; N/A           ; None        ; 1.284 ns  ; Q_KEY   ; ds18b20_drive:ds18b20_u0|bit_valid[2]        ; CLOCK_50 ;
; N/A           ; None        ; 1.284 ns  ; Q_KEY   ; ds18b20_drive:ds18b20_u0|bit_valid[3]        ; CLOCK_50 ;
; N/A           ; None        ; -1.727 ns ; DS18B20 ; ds18b20_drive:ds18b20_u0|temperature_buf[6]  ; CLOCK_50 ;
; N/A           ; None        ; -1.730 ns ; DS18B20 ; ds18b20_drive:ds18b20_u0|temperature_buf[5]  ; CLOCK_50 ;
; N/A           ; None        ; -2.159 ns ; DS18B20 ; ds18b20_drive:ds18b20_u0|temperature_buf[8]  ; CLOCK_50 ;
; N/A           ; None        ; -2.169 ns ; DS18B20 ; ds18b20_drive:ds18b20_u0|temperature_buf[7]  ; CLOCK_50 ;
; N/A           ; None        ; -2.184 ns ; DS18B20 ; ds18b20_drive:ds18b20_u0|state.S4            ; CLOCK_50 ;
; N/A           ; None        ; -2.234 ns ; DS18B20 ; ds18b20_drive:ds18b20_u0|temperature_buf[10] ; CLOCK_50 ;
; N/A           ; None        ; -2.240 ns ; DS18B20 ; ds18b20_drive:ds18b20_u0|temperature_buf[9]  ; CLOCK_50 ;
; N/A           ; None        ; -2.241 ns ; DS18B20 ; ds18b20_drive:ds18b20_u0|temperature_buf[12] ; CLOCK_50 ;
; N/A           ; None        ; -2.315 ns ; DS18B20 ; ds18b20_drive:ds18b20_u0|temperature_buf[3]  ; CLOCK_50 ;
; N/A           ; None        ; -2.316 ns ; DS18B20 ; ds18b20_drive:ds18b20_u0|temperature_buf[0]  ; CLOCK_50 ;
; N/A           ; None        ; -2.344 ns ; DS18B20 ; ds18b20_drive:ds18b20_u0|temperature_buf[1]  ; CLOCK_50 ;
; N/A           ; None        ; -2.795 ns ; DS18B20 ; ds18b20_drive:ds18b20_u0|temperature_buf[4]  ; CLOCK_50 ;
; N/A           ; None        ; -2.820 ns ; DS18B20 ; ds18b20_drive:ds18b20_u0|temperature_buf[2]  ; CLOCK_50 ;
; N/A           ; None        ; -3.608 ns ; DS18B20 ; ds18b20_drive:ds18b20_u0|state.S0            ; CLOCK_50 ;
; N/A           ; None        ; -5.496 ns ; DS18B20 ; ds18b20_drive:ds18b20_u0|state.S2            ; CLOCK_50 ;
; N/A           ; None        ; -5.496 ns ; DS18B20 ; ds18b20_drive:ds18b20_u0|state.S3            ; CLOCK_50 ;
; N/A           ; None        ; -6.135 ns ; DS18B20 ; ds18b20_drive:ds18b20_u0|state.WRITE0        ; CLOCK_50 ;
; N/A           ; None        ; -6.135 ns ; DS18B20 ; ds18b20_drive:ds18b20_u0|state.S6            ; CLOCK_50 ;
; N/A           ; None        ; -6.217 ns ; DS18B20 ; ds18b20_drive:ds18b20_u0|cnt_1us_clear       ; CLOCK_50 ;
+---------------+-------------+-----------+---------+----------------------------------------------+----------+


+--------------------------+
; Timing Analyzer Messages ;
+--------------------------+
Info: *******************************************************************
Info: Running Quartus II Classic Timing Analyzer
    Info: Version 9.1 Build 304 01/25/2010 Service Pack 1 SJ Full Version
    Info: Processing started: Fri Mar 12 12:41:28 2010
Info: Command: quartus_tan --read_settings_files=off --write_settings_files=off ds18b20_seg7 -c ds18b20_seg7 --timing_analysis_only
Info: Parallel compilation is enabled and will use 2 of the 2 processors detected
Warning: Found pins functioning as undefined clocks and/or memory enables
    Info: Assuming node "CLOCK_50" is an undefined clock
Warning: Found 2 node(s) in clock paths which may be acting as ripple and/or gated clocks -- node(s) analyzed as buffer(s) resulting in clock skew
    Info: Detected ripple clock "seg7x8_drive:seg7_u0|cnt[16]" as buffer
    Info: Detected ripple clock "ds18b20_drive:ds18b20_u0|clk_1us" as buffer
Info: Clock "CLOCK_50" has Internal fmax of 106.08 MHz between source register "ds18b20_drive:ds18b20_u0|temperature_buf[2]" and destination register "seg7x8_drive:seg7_u0|o_seg_r[1]" (period= 9.427 ns)
    Info: + Longest register to register delay is 5.946 ns
        Info: 1: + IC(0.000 ns) + CELL(0.000 ns) = 0.000 ns; Loc. = LCFF_X15_Y15_N25; Fanout = 6; REG Node = 'ds18b20_drive:ds18b20_u0|temperature_buf[2]'
        Info: 2: + IC(0.498 ns) + CELL(0.650 ns) = 1.148 ns; Loc. = LCCOMB_X15_Y15_N30; Fanout = 1; COMB Node = 'ds18b20_drive:ds18b20_u0|Add4~3'
        Info: 3: + IC(1.057 ns) + CELL(0.370 ns) = 2.575 ns; Loc. = LCCOMB_X13_Y15_N30; Fanout = 1; COMB Node = 'seg7x8_drive:seg7_u0|Mux2~0'
        Info: 4: + IC(0.376 ns) + CELL(0.206 ns) = 3.157 ns; Loc. = LCCOMB_X13_Y15_N0; Fanout = 1; COMB Node = 'seg7x8_drive:seg7_u0|Mux2~1'
        Info: 5: + IC(0.377 ns) + CELL(0.206 ns) = 3.740 ns; Loc. = LCCOMB_X13_Y15_N26; Fanout = 7; COMB Node = 'seg7x8_drive:seg7_u0|Mux2~2'
        Info: 6: + IC(0.722 ns) + CELL(0.616 ns) = 5.078 ns; Loc. = LCCOMB_X14_Y15_N16; Fanout = 1; COMB Node = 'seg7x8_drive:seg7_u0|WideOr5~0'
        Info: 7: + IC(0.390 ns) + CELL(0.370 ns) = 5.838 ns; Loc. = LCCOMB_X14_Y15_N26; Fanout = 1; COMB Node = 'seg7x8_drive:seg7_u0|WideOr5~1'
        Info: 8: + IC(0.000 ns) + CELL(0.108 ns) = 5.946 ns; Loc. = LCFF_X14_Y15_N27; Fanout = 1; REG Node = 'seg7x8_drive:seg7_u0|o_seg_r[1]'
        Info: Total cell delay = 2.526 ns ( 42.48 % )
        Info: Total interconnect delay = 3.420 ns ( 57.52 % )
    Info: - Smallest clock skew is -3.217 ns
        Info: + Shortest clock path from clock "CLOCK_50" to destination register is 2.876 ns
            Info: 1: + IC(0.000 ns) + CELL(1.140 ns) = 1.140 ns; Loc. = PIN_23; Fanout = 3; CLK Node = 'CLOCK_50'
            Info: 2: + IC(0.139 ns) + CELL(0.000 ns) = 1.279 ns; Loc. = CLKCTRL_G2; Fanout = 29; COMB Node = 'CLOCK_50~clkctrl'
            Info: 3: + IC(0.931 ns) + CELL(0.666 ns) = 2.876 ns; Loc. = LCFF_X14_Y15_N27; Fanout = 1; REG Node = 'seg7x8_drive:seg7_u0|o_seg_r[1]'
            Info: Total cell delay = 1.806 ns ( 62.80 % )
            Info: Total interconnect delay = 1.070 ns ( 37.20 % )
        Info: - Longest clock path from clock "CLOCK_50" to source register is 6.093 ns
            Info: 1: + IC(0.000 ns) + CELL(1.140 ns) = 1.140 ns; Loc. = PIN_23; Fanout = 3; CLK Node = 'CLOCK_50'
            Info: 2: + IC(1.271 ns) + CELL(0.970 ns) = 3.381 ns; Loc. = LCFF_X2_Y8_N1; Fanout = 1; REG Node = 'ds18b20_drive:ds18b20_u0|clk_1us'
            Info: 3: + IC(1.114 ns) + CELL(0.000 ns) = 4.495 ns; Loc. = CLKCTRL_G1; Fanout = 61; COMB Node = 'ds18b20_drive:ds18b20_u0|clk_1us~clkctrl'
            Info: 4: + IC(0.932 ns) + CELL(0.666 ns) = 6.093 ns; Loc. = LCFF_X15_Y15_N25; Fanout = 6; REG Node = 'ds18b20_drive:ds18b20_u0|temperature_buf[2]'
            Info: Total cell delay = 2.776 ns ( 45.56 % )
            Info: Total interconnect delay = 3.317 ns ( 54.44 % )
    Info: + Micro clock to output delay of source is 0.304 ns
    Info: + Micro setup delay of destination is -0.040 ns
Info: tsu for register "ds18b20_drive:ds18b20_u0|cnt_1us_clear" (data pin = "DS18B20", clock pin = "CLOCK_50") is 6.483 ns
    Info: + Longest pin to register delay is 12.581 ns
        Info: 1: + IC(0.000 ns) + CELL(0.000 ns) = 0.000 ns; Loc. = PIN_133; Fanout = 1; PIN Node = 'DS18B20'
        Info: 2: + IC(0.000 ns) + CELL(0.985 ns) = 0.985 ns; Loc. = IOC_X34_Y11_N3; Fanout = 15; COMB Node = 'DS18B20~0'
        Info: 3: + IC(6.906 ns) + CELL(0.624 ns) = 8.515 ns; Loc. = LCCOMB_X9_Y15_N0; Fanout = 4; COMB Node = 'ds18b20_drive:ds18b20_u0|always3~0'
        Info: 4: + IC(1.171 ns) + CELL(0.647 ns) = 10.333 ns; Loc. = LCCOMB_X10_Y11_N22; Fanout = 1; COMB Node = 'ds18b20_drive:ds18b20_u0|Selector29~0'
        Info: 5: + IC(1.073 ns) + CELL(0.206 ns) = 11.612 ns; Loc. = LCCOMB_X9_Y12_N22; Fanout = 1; COMB Node = 'ds18b20_drive:ds18b20_u0|Selector29~5'
        Info: 6: + IC(0.655 ns) + CELL(0.206 ns) = 12.473 ns; Loc. = LCCOMB_X10_Y12_N18; Fanout = 1; COMB Node = 'ds18b20_drive:ds18b20_u0|Selector29~6'
        Info: 7: + IC(0.000 ns) + CELL(0.108 ns) = 12.581 ns; Loc. = LCFF_X10_Y12_N19; Fanout = 21; REG Node = 'ds18b20_drive:ds18b20_u0|cnt_1us_clear'
        Info: Total cell delay = 2.776 ns ( 22.07 % )
        Info: Total interconnect delay = 9.805 ns ( 77.93 % )
    Info: + Micro setup delay of destination is -0.040 ns
    Info: - Shortest clock path from clock "CLOCK_50" to destination register is 6.058 ns
        Info: 1: + IC(0.000 ns) + CELL(1.140 ns) = 1.140 ns; Loc. = PIN_23; Fanout = 3; CLK Node = 'CLOCK_50'
        Info: 2: + IC(1.271 ns) + CELL(0.970 ns) = 3.381 ns; Loc. = LCFF_X2_Y8_N1; Fanout = 1; REG Node = 'ds18b20_drive:ds18b20_u0|clk_1us'
        Info: 3: + IC(1.114 ns) + CELL(0.000 ns) = 4.495 ns; Loc. = CLKCTRL_G1; Fanout = 61; COMB Node = 'ds18b20_drive:ds18b20_u0|clk_1us~clkctrl'
        Info: 4: + IC(0.897 ns) + CELL(0.666 ns) = 6.058 ns; Loc. = LCFF_X10_Y12_N19; Fanout = 21; REG Node = 'ds18b20_drive:ds18b20_u0|cnt_1us_clear'
        Info: Total cell delay = 2.776 ns ( 45.82 % )
        Info: Total interconnect delay = 3.282 ns ( 54.18 % )
Info: tco from clock "CLOCK_50" to destination pin "SEG7_SEL[1]" through register "seg7x8_drive:seg7_u0|seg7_addr[1]" is 13.059 ns
    Info: + Longest clock path from clock "CLOCK_50" to source register is 5.817 ns
        Info: 1: + IC(0.000 ns) + CELL(1.140 ns) = 1.140 ns; Loc. = PIN_23; Fanout = 3; CLK Node = 'CLOCK_50'
        Info: 2: + IC(0.926 ns) + CELL(0.970 ns) = 3.036 ns; Loc. = LCFF_X1_Y8_N31; Fanout = 2; REG Node = 'seg7x8_drive:seg7_u0|cnt[16]'
        Info: 3: + IC(1.194 ns) + CELL(0.000 ns) = 4.230 ns; Loc. = CLKCTRL_G3; Fanout = 3; COMB Node = 'seg7x8_drive:seg7_u0|cnt[16]~clkctrl'
        Info: 4: + IC(0.921 ns) + CELL(0.666 ns) = 5.817 ns; Loc. = LCFF_X9_Y15_N9; Fanout = 16; REG Node = 'seg7x8_drive:seg7_u0|seg7_addr[1]'
        Info: Total cell delay = 2.776 ns ( 47.72 % )
        Info: Total interconnect delay = 3.041 ns ( 52.28 % )
    Info: + Micro clock to output delay of source is 0.304 ns
    Info: + Longest register to pin delay is 6.938 ns
        Info: 1: + IC(0.000 ns) + CELL(0.000 ns) = 0.000 ns; Loc. = LCFF_X9_Y15_N9; Fanout = 16; REG Node = 'seg7x8_drive:seg7_u0|seg7_addr[1]'
        Info: 2: + IC(3.662 ns) + CELL(3.276 ns) = 6.938 ns; Loc. = PIN_165; Fanout = 0; PIN Node = 'SEG7_SEL[1]'
        Info: Total cell delay = 3.276 ns ( 47.22 % )
        Info: Total interconnect delay = 3.662 ns ( 52.78 % )
Info: th for register "ds18b20_drive:ds18b20_u0|cnt_1us_clear" (data pin = "Q_KEY", clock pin = "CLOCK_50") is 2.398 ns
    Info: + Longest clock path from clock "CLOCK_50" to destination register is 6.058 ns
        Info: 1: + IC(0.000 ns) + CELL(1.140 ns) = 1.140 ns; Loc. = PIN_23; Fanout = 3; CLK Node = 'CLOCK_50'
        Info: 2: + IC(1.271 ns) + CELL(0.970 ns) = 3.381 ns; Loc. = LCFF_X2_Y8_N1; Fanout = 1; REG Node = 'ds18b20_drive:ds18b20_u0|clk_1us'
        Info: 3: + IC(1.114 ns) + CELL(0.000 ns) = 4.495 ns; Loc. = CLKCTRL_G1; Fanout = 61; COMB Node = 'ds18b20_drive:ds18b20_u0|clk_1us~clkctrl'
        Info: 4: + IC(0.897 ns) + CELL(0.666 ns) = 6.058 ns; Loc. = LCFF_X10_Y12_N19; Fanout = 21; REG Node = 'ds18b20_drive:ds18b20_u0|cnt_1us_clear'
        Info: Total cell delay = 2.776 ns ( 45.82 % )
        Info: Total interconnect delay = 3.282 ns ( 54.18 % )
    Info: + Micro hold delay of destination is 0.306 ns
    Info: - Shortest pin to register delay is 3.966 ns
        Info: 1: + IC(0.000 ns) + CELL(1.150 ns) = 1.150 ns; Loc. = PIN_129; Fanout = 15; PIN Node = 'Q_KEY'
        Info: 2: + IC(1.961 ns) + CELL(0.855 ns) = 3.966 ns; Loc. = LCFF_X10_Y12_N19; Fanout = 21; REG Node = 'ds18b20_drive:ds18b20_u0|cnt_1us_clear'
        Info: Total cell delay = 2.005 ns ( 50.55 % )
        Info: Total interconnect delay = 1.961 ns ( 49.45 % )
Info: Quartus II Classic Timing Analyzer was successful. 0 errors, 2 warnings
    Info: Peak virtual memory: 134 megabytes
    Info: Processing ended: Fri Mar 12 12:41:28 2010
    Info: Elapsed time: 00:00:00
    Info: Total CPU time (on all processors): 00:00:01


