Flow report for pwm_basic
Sat Sep 16 15:19:45 2023
Quartus Prime Version 20.1.1 Build 720 11/11/2020 SJ Lite Edition


---------------------
; Table of Contents ;
---------------------
  1. Legal Notice
  2. Flow Summary
  3. Flow Settings
  4. Flow Non-Default Global Settings
  5. Flow Elapsed Time
  6. Flow OS Summary
  7. Flow Log
  8. Flow Messages
  9. Flow Suppressed Messages



----------------
; Legal Notice ;
----------------
Copyright (C) 2020  Intel Corporation. All rights reserved.
Your use of Intel Corporation's design tools, logic functions 
and other software and tools, and any partner logic 
functions, and any output files from any of the foregoing 
(including device programming or simulation files), and any 
associated documentation or information are expressly subject 
to the terms and conditions of the Intel Program License 
Subscription Agreement, the Intel Quartus Prime License Agreement,
the Intel FPGA IP License Agreement, or other applicable license
agreement, including, without limitation, that your use is for
the sole purpose of programming logic devices manufactured by
Intel and sold by Intel or its authorized distributors.  Please
refer to the applicable agreement for further details, at
https://fpgasoftware.intel.com/eula.



+---------------------------------------------------------------------+
; Flow Summary                                                        ;
+-----------------------+---------------------------------------------+
; Flow Status           ; Successful - Sat Sep 16 15:19:45 2023       ;
; Quartus Prime Version ; 20.1.1 Build 720 11/11/2020 SJ Lite Edition ;
; Revision Name         ; pwm_basic                                   ;
; Top-level Entity Name ; pwm_basic                                   ;
; Family                ; MAX II                                      ;
; Device                ; EPM1270T144C5                               ;
; Timing Models         ; Final                                       ;
+-----------------------+---------------------------------------------+


+-----------------------------------------+
; Flow Settings                           ;
+-------------------+---------------------+
; Option            ; Setting             ;
+-------------------+---------------------+
; Start date & time ; 09/16/2023 15:19:40 ;
; Main task         ; Compilation         ;
; Revision Name     ; pwm_basic           ;
+-------------------+---------------------+


+------------------------------------------------------------------------------------------------------------------------------------------+
; Flow Non-Default Global Settings                                                                                                         ;
+---------------------------------------+--------------------------------+---------------+-------------+-----------------------------------+
; Assignment Name                       ; Value                          ; Default Value ; Entity Name ; Section Id                        ;
+---------------------------------------+--------------------------------+---------------+-------------+-----------------------------------+
; COMPILER_SIGNATURE_ID                 ; 40675924149543.169487398012716 ; --            ; --          ; --                                ;
; EDA_DESIGN_INSTANCE_NAME              ; I                              ; --            ; --          ; test_pwm_basic                    ;
; EDA_GENERATE_FUNCTIONAL_NETLIST       ; Off                            ; --            ; --          ; eda_board_design_timing           ;
; EDA_GENERATE_FUNCTIONAL_NETLIST       ; Off                            ; --            ; --          ; eda_board_design_boundary_scan    ;
; EDA_GENERATE_FUNCTIONAL_NETLIST       ; Off                            ; --            ; --          ; eda_board_design_signal_integrity ;
; EDA_GENERATE_FUNCTIONAL_NETLIST       ; Off                            ; --            ; --          ; eda_board_design_symbol           ;
; EDA_NATIVELINK_SIMULATION_TEST_BENCH  ; test_pwm_basic                 ; --            ; --          ; eda_simulation                    ;
; EDA_OUTPUT_DATA_FORMAT                ; Vhdl                           ; --            ; --          ; eda_simulation                    ;
; EDA_SIMULATION_TOOL                   ; ModelSim-Altera (VHDL)         ; <None>        ; --          ; --                                ;
; EDA_TEST_BENCH_ENABLE_STATUS          ; TEST_BENCH_MODE                ; --            ; --          ; eda_simulation                    ;
; EDA_TEST_BENCH_FILE                   ; test_pwm_basic.vhd             ; --            ; --          ; test_pwm_basic                    ;
; EDA_TEST_BENCH_MODULE_NAME            ; test_pwm_basic                 ; --            ; --          ; test_pwm_basic                    ;
; EDA_TEST_BENCH_NAME                   ; test_pwm_basic                 ; --            ; --          ; eda_simulation                    ;
; EDA_TEST_BENCH_RUN_SIM_FOR            ; 3000 ns                        ; --            ; --          ; test_pwm_basic                    ;
; EDA_TIME_SCALE                        ; 1 ps                           ; --            ; --          ; eda_simulation                    ;
; MAX_CORE_JUNCTION_TEMP                ; 85                             ; --            ; --          ; --                                ;
; MIN_CORE_JUNCTION_TEMP                ; 0                              ; --            ; --          ; --                                ;
; POWER_EXT_SUPPLY_VOLTAGE_TO_REGULATOR ; 3.3V                           ; --            ; --          ; --                                ;
; POWER_PRESET_COOLING_SOLUTION         ; No Heat Sink With Still Air    ; --            ; --          ; --                                ;
; PROJECT_OUTPUT_DIRECTORY              ; output_files                   ; --            ; --          ; --                                ;
+---------------------------------------+--------------------------------+---------------+-------------+-----------------------------------+


+----------------------------------------------------------------------------------------------------------------------------+
; Flow Elapsed Time                                                                                                          ;
+------------------------+--------------+-------------------------+---------------------+------------------------------------+
; Module Name            ; Elapsed Time ; Average Processors Used ; Peak Virtual Memory ; Total CPU Time (on all processors) ;
+------------------------+--------------+-------------------------+---------------------+------------------------------------+
; Analysis & Elaboration ; 00:00:05     ; 1.0                     ; 722 MB              ; 00:00:11                           ;
; Total                  ; 00:00:05     ; --                      ; --                  ; 00:00:11                           ;
+------------------------+--------------+-------------------------+---------------------+------------------------------------+


+------------------------------------------------------------------------------------------+
; Flow OS Summary                                                                          ;
+------------------------+------------------+----------------+------------+----------------+
; Module Name            ; Machine Hostname ; OS Name        ; OS Version ; Processor type ;
+------------------------+------------------+----------------+------------+----------------+
; Analysis & Elaboration ; akram-PC         ; Ubuntu 20.04.6 ; 20         ; x86_64         ;
+------------------------+------------------+----------------+------------+----------------+


------------
; Flow Log ;
------------
quartus_map --read_settings_files=on --write_settings_files=off pwm_basic -c pwm_basic --analysis_and_elaboration



